Using pre-set license
Built from '2020.3/staging' branch; Version is '2020.3.43f1 (75bff06b76bf) revision 7716848'; Using compiler version '192528614'; Build Type 'Release'
OS: 'Windows 11  (10.0.22000) 64bit Professional' Language: 'ko' Physical Memory: 7971 MB
BatchMode: 1, IsHumanControllingUs: 0, StartBugReporterOnCrash: 0, Is64bit: 1, IsPro: 0

COMMAND LINE ARGUMENTS:
C:\AllUnity\Unity Editor\2020.3.43f1\Editor\Unity.exe
-adb2
-batchMode
-noUpm
-name
AssetImportWorker0
-projectPath
C:/AllUnity/My Projects/ApplePanda
-logFile
Logs/AssetImportWorker0.log
-srvPort
3072
Successfully changed project path to: C:/AllUnity/My Projects/ApplePanda
C:/AllUnity/My Projects/ApplePanda
Using Asset Import Pipeline V2.
Refreshing native plugins compatible for Editor in 58.42 ms, found 2 plugins.
Preloading 0 native plugins for Editor in 0.00 ms.
Initialize engine version: 2020.3.43f1 (75bff06b76bf)
[Subsystems] Discovering subsystems at path C:/AllUnity/Unity Editor/2020.3.43f1/Editor/Data/Resources/UnitySubsystems
[Subsystems] Discovering subsystems at path C:/AllUnity/My Projects/ApplePanda/Assets
GfxDevice: creating device client; threaded=0
Direct3D:
    Version:  Direct3D 11.0 [level 11.1]
    Renderer: Intel(R) UHD Graphics (ID=0x9b41)
    Vendor:   
    VRAM:     3985 MB
    Driver:   26.20.100.7463
Initialize mono
Mono path[0] = 'C:/AllUnity/Unity Editor/2020.3.43f1/Editor/Data/Managed'
Mono path[1] = 'C:/AllUnity/Unity Editor/2020.3.43f1/Editor/Data/MonoBleedingEdge/lib/mono/unityjit'
Mono config path = 'C:/AllUnity/Unity Editor/2020.3.43f1/Editor/Data/MonoBleedingEdge/etc'
Using monoOptions --debugger-agent=transport=dt_socket,embedding=1,server=y,suspend=n,address=127.0.0.1:56016
Begin MonoManager ReloadAssembly
Registering precompiled unity dll's ...
Register platform support module: C:/AllUnity/Unity Editor/2020.3.43f1/Editor/Data/PlaybackEngines/WindowsStandaloneSupport/UnityEditor.WindowsStandalone.Extensions.dll
Registered in 0.003563 seconds.
Native extension for WindowsStandalone target not found
Refreshing native plugins compatible for Editor in 50.77 ms, found 2 plugins.
Preloading 0 native plugins for Editor in 0.00 ms.
Mono: successfully reloaded assembly
- Completed reload, in  1.102 seconds
Domain Reload Profiling:
	ReloadAssembly (1102ms)
		BeginReloadAssembly (236ms)
			ExecutionOrderSort (0ms)
			DisableScriptedObjects (0ms)
			BackupInstance (0ms)
			ReleaseScriptingObjects (0ms)
			CreateAndSetChildDomain (3ms)
		EndReloadAssembly (729ms)
			LoadAssemblies (226ms)
			RebuildTransferFunctionScriptingTraits (0ms)
			SetupTypeCache (229ms)
			ReleaseScriptCaches (0ms)
			RebuildScriptCaches (53ms)
			SetupLoadedEditorAssemblies (281ms)
				LogAssemblyErrors (0ms)
				InitializePlatformSupportModulesInManaged (7ms)
				SetLoadedEditorAssemblies (0ms)
				RefreshPlugins (51ms)
				BeforeProcessingInitializeOnLoad (27ms)
				ProcessInitializeOnLoadAttributes (136ms)
				ProcessInitializeOnLoadMethodAttributes (60ms)
				AfterProcessingInitializeOnLoad (0ms)
				EditorAssembliesLoaded (0ms)
			ExecutionOrderSort2 (0ms)
			AwakeInstancesAfterBackupRestoration (0ms)
Platform modules already initialized, skipping
Registering precompiled user dll's ...
Registered in 0.005343 seconds.
Begin MonoManager ReloadAssembly
Native extension for WindowsStandalone target not found
Refreshing native plugins compatible for Editor in 0.40 ms, found 2 plugins.
Preloading 0 native plugins for Editor in 0.00 ms.
Mono: successfully reloaded assembly
- Completed reload, in  1.732 seconds
Domain Reload Profiling:
	ReloadAssembly (1734ms)
		BeginReloadAssembly (252ms)
			ExecutionOrderSort (0ms)
			DisableScriptedObjects (7ms)
			BackupInstance (0ms)
			ReleaseScriptingObjects (0ms)
			CreateAndSetChildDomain (34ms)
		EndReloadAssembly (1384ms)
			LoadAssemblies (177ms)
			RebuildTransferFunctionScriptingTraits (0ms)
			SetupTypeCache (428ms)
			ReleaseScriptCaches (0ms)
			RebuildScriptCaches (72ms)
			SetupLoadedEditorAssemblies (605ms)
				LogAssemblyErrors (0ms)
				InitializePlatformSupportModulesInManaged (10ms)
				SetLoadedEditorAssemblies (1ms)
				RefreshPlugins (0ms)
				BeforeProcessingInitializeOnLoad (139ms)
				ProcessInitializeOnLoadAttributes (416ms)
				ProcessInitializeOnLoadMethodAttributes (24ms)
				AfterProcessingInitializeOnLoad (14ms)
				EditorAssembliesLoaded (0ms)
			ExecutionOrderSort2 (0ms)
			AwakeInstancesAfterBackupRestoration (2ms)
Platform modules already initialized, skipping
========================================================================
Worker process is ready to serve import requests
Launched and connected shader compiler UnityShaderCompiler.exe after 0.07 seconds
Refreshing native plugins compatible for Editor in 0.45 ms, found 2 plugins.
Preloading 0 native plugins for Editor in 0.00 ms.
Unloading 1500 Unused Serialized files (Serialized files now loaded: 0)
System memory in use before: 70.7 MB.
System memory in use after: 70.7 MB.

Unloading 17 unused Assets to reduce memory usage. Loaded Objects now: 1937.
Total: 5.313500 ms (FindLiveObjects: 0.313300 ms CreateObjectMapping: 0.238700 ms MarkObjects: 4.617000 ms  DeleteObjects: 0.143500 ms)

AssetImportParameters requested are different than current active one (requested -> active):
  custom:framework-win-MediaFoundation: 216162199b28c13a410421893ffa2e32 -> 
  custom:video-decoder-ogg-theora: a1e56fd34408186e4bbccfd4996cb3dc -> 
  custom:container-muxer-webm: aa71ff27fc2769a1b78a27578f13a17b -> 
  custom:container-demuxer-webm: 4f35f7cbe854078d1ac9338744f61a02 -> 
  custom:container-demuxer-ogg: 62fdf1f143b41e24485cea50d1cbac27 -> 
  custom:video-encoder-webm-vp8: eb34c28f22e8b96e1ab97ce403110664 -> 
  custom:video-decoder-webm-vp8: 9c59270c3fd7afecdb556c50c9e8de78 -> 
  custom:audio-decoder-ogg-vorbis: bf7c407c2cedff20999df2af8eb42d56 -> 
  custom:audio-encoder-webm-vorbis: bf7c407c2cedff20999df2af8eb42d56 -> 
========================================================================
Received Import Request.
  path: Assets/U_Scenes/U_GAME.unity
  artifactKey: Guid(eef30c51f6e70c34eacf81cdb39f8d98) Importer(815301076,1909f56bfc062723c751e8b465ee728b)
Start importing Assets/U_Scenes/U_GAME.unity using Guid(eef30c51f6e70c34eacf81cdb39f8d98) Importer(815301076,1909f56bfc062723c751e8b465ee728b)  -> (artifact id: 'ef0e17713d97cb14ffda2b597bc89625') in 0.014110 seconds 
========================================================================
Received Import Request.
  Time since last request: 14.417131 seconds.
  path: Assets/U_Scenes/U_TimeOut.unity
  artifactKey: Guid(dd2d5f922eac60e42beab9e744eb5c47) Importer(815301076,1909f56bfc062723c751e8b465ee728b)
Start importing Assets/U_Scenes/U_TimeOut.unity using Guid(dd2d5f922eac60e42beab9e744eb5c47) Importer(815301076,1909f56bfc062723c751e8b465ee728b)  -> (artifact id: '378b378e7f4ac7b83d832a0c57f9df7c') in 0.013761 seconds 
========================================================================
Received Import Request.
  Time since last request: 5.121722 seconds.
  path: Assets/U_Scenes/U_GAME.unity
  artifactKey: Guid(eef30c51f6e70c34eacf81cdb39f8d98) Importer(815301076,1909f56bfc062723c751e8b465ee728b)
Start importing Assets/U_Scenes/U_GAME.unity using Guid(eef30c51f6e70c34eacf81cdb39f8d98) Importer(815301076,1909f56bfc062723c751e8b465ee728b)  -> (artifact id: '30aa2de16a67638f201cd418cb175e9f') in 0.009035 seconds 
========================================================================
Received Import Request.
  Time since last request: 117.006351 seconds.
  path: Assets/U_Material/Boy/Models/free_male_1.FBX
  artifactKey: Guid(9c7d25cb64a8148f78bc1c1c3c705d30) Importer(815301076,1909f56bfc062723c751e8b465ee728b)
Start importing Assets/U_Material/Boy/Models/free_male_1.FBX using Guid(9c7d25cb64a8148f78bc1c1c3c705d30) Importer(815301076,1909f56bfc062723c751e8b465ee728b)  -> (artifact id: 'ec80b8266566610eb6e20b27c36cc42e') in 2.236118 seconds 
========================================================================
Received Import Request.
  Time since last request: 86.038508 seconds.
  path: Assets/U_Material/Boy/Animations/common_people@backwards-run.FBX
  artifactKey: Guid(73fe925c3adc3df4fb89b47af0e2ce25) Importer(815301076,1909f56bfc062723c751e8b465ee728b)
Start importing Assets/U_Material/Boy/Animations/common_people@backwards-run.FBX using Guid(73fe925c3adc3df4fb89b47af0e2ce25) Importer(815301076,1909f56bfc062723c751e8b465ee728b)  -> (artifact id: 'aeea629386b634d6f93583965c30883c') in 0.225694 seconds 
========================================================================
Received Import Request.
  Time since last request: 0.001079 seconds.
  path: Assets/U_Material/Boy/Animations/common_people@wave.FBX
  artifactKey: Guid(66acd704c197c154e9d405edfab916e5) Importer(815301076,1909f56bfc062723c751e8b465ee728b)
Start importing Assets/U_Material/Boy/Animations/common_people@wave.FBX using Guid(66acd704c197c154e9d405edfab916e5) Importer(815301076,1909f56bfc062723c751e8b465ee728b)  -> (artifact id: '2749ecfd0731b25f870584fd23aa2aec') in 0.155389 seconds 
========================================================================
Received Import Request.
  Time since last request: 0.001297 seconds.
  path: Assets/U_Material/Boy/Animations/common_people@jump-down.FBX
  artifactKey: Guid(1461eeffc09f1451c8519a74a214b580) Importer(815301076,1909f56bfc062723c751e8b465ee728b)
Start importing Assets/U_Material/Boy/Animations/common_people@jump-down.FBX using Guid(1461eeffc09f1451c8519a74a214b580) Importer(815301076,1909f56bfc062723c751e8b465ee728b)  -> (artifact id: '346c93d833d927de59ca262f19c991f5') in 0.198865 seconds 
========================================================================
Received Import Request.
  Time since last request: 0.003096 seconds.
  path: Assets/U_Material/Boy/Animations/common_people@pickup.FBX
  artifactKey: Guid(b43f29613414c2842bab7266049d5bee) Importer(815301076,1909f56bfc062723c751e8b465ee728b)
Start importing Assets/U_Material/Boy/Animations/common_people@pickup.FBX using Guid(b43f29613414c2842bab7266049d5bee) Importer(815301076,1909f56bfc062723c751e8b465ee728b)  -> (artifact id: 'c763a059147b465c064799712e580642') in 0.180215 seconds 
========================================================================
Received Import Request.
  Time since last request: 0.001455 seconds.
  path: Assets/U_Material/Boy/Animations/common_people@backwards-walk.FBX
  artifactKey: Guid(1942a48de07266d46afa62e582d0b179) Importer(815301076,1909f56bfc062723c751e8b465ee728b)
Start importing Assets/U_Material/Boy/Animations/common_people@backwards-walk.FBX using Guid(1942a48de07266d46afa62e582d0b179) Importer(815301076,1909f56bfc062723c751e8b465ee728b)  -> (artifact id: '1cc74db418dba44082d616921b193cf0') in 0.149600 seconds 
========================================================================
Received Import Request.
  Time since last request: 0.000742 seconds.
  path: Assets/U_Material/Boy/Animations/common_people@jump-up.FBX
  artifactKey: Guid(0eed0ac47cf0d4457930ac9c4557c14d) Importer(815301076,1909f56bfc062723c751e8b465ee728b)
Start importing Assets/U_Material/Boy/Animations/common_people@jump-up.FBX using Guid(0eed0ac47cf0d4457930ac9c4557c14d) Importer(815301076,1909f56bfc062723c751e8b465ee728b)  -> (artifact id: '9c632d87f9b25fd8e3591749e854e0b2') in 0.167002 seconds 
========================================================================
Received Import Request.
  Time since last request: 0.000545 seconds.
  path: Assets/U_Material/Boy/Animations/common_people@run.FBX
  artifactKey: Guid(df4d2afe21c084e0ea5bcd0fb534513b) Importer(815301076,1909f56bfc062723c751e8b465ee728b)
Start importing Assets/U_Material/Boy/Animations/common_people@run.FBX using Guid(df4d2afe21c084e0ea5bcd0fb534513b) Importer(815301076,1909f56bfc062723c751e8b465ee728b)  -> (artifact id: '05596fcf96cb209942332b376478d66a') in 0.200077 seconds 
========================================================================
Received Import Request.
  Time since last request: 0.012458 seconds.
  path: Assets/U_Material/Boy/Animations/common_people@jump-float.FBX
  artifactKey: Guid(249a52a71714d944abf2ee3a46f70ce9) Importer(815301076,1909f56bfc062723c751e8b465ee728b)
Start importing Assets/U_Material/Boy/Animations/common_people@jump-float.FBX using Guid(249a52a71714d944abf2ee3a46f70ce9) Importer(815301076,1909f56bfc062723c751e8b465ee728b)  -> (artifact id: '9811b5b11cff3ee9fc3c6661e96c22ae') in 0.176436 seconds 
========================================================================
Received Import Request.
  Time since last request: 0.001223 seconds.
  path: Assets/U_Material/Boy/Animations/common_people@mpose.FBX
  artifactKey: Guid(656c708c59d69468c85e4603d8d76dda) Importer(815301076,1909f56bfc062723c751e8b465ee728b)
Start importing Assets/U_Material/Boy/Animations/common_people@mpose.FBX using Guid(656c708c59d69468c85e4603d8d76dda) Importer(815301076,1909f56bfc062723c751e8b465ee728b)  -> (artifact id: '31d7660dc1c2d4c4f9bbb4bc1a95d5c9') in 0.220411 seconds 
========================================================================
Received Import Request.
  Time since last request: 0.002154 seconds.
  path: Assets/U_Material/Boy/Animations/common_people@walk.FBX
  artifactKey: Guid(a27d608edcd5248b882d4b1d182e605b) Importer(815301076,1909f56bfc062723c751e8b465ee728b)
Start importing Assets/U_Material/Boy/Animations/common_people@walk.FBX using Guid(a27d608edcd5248b882d4b1d182e605b) Importer(815301076,1909f56bfc062723c751e8b465ee728b)  -> (artifact id: '7ecf7d82bfc36b9141f9672c49221d1b') in 0.253437 seconds 
========================================================================
Received Import Request.
  Time since last request: 0.000413 seconds.
  path: Assets/U_Material/Boy/Animations/common_people@idle.FBX
  artifactKey: Guid(8a1fe458291884d15846c5165170425b) Importer(815301076,1909f56bfc062723c751e8b465ee728b)
Start importing Assets/U_Material/Boy/Animations/common_people@idle.FBX using Guid(8a1fe458291884d15846c5165170425b) Importer(815301076,1909f56bfc062723c751e8b465ee728b)  -> (artifact id: 'b78e9ea27bf66874ce382dd79c26a59d') in 0.182275 seconds 
========================================================================
Received Import Request.
  Time since last request: 8.134983 seconds.
  path: Assets/U_Material/Color/New Material.mat
  artifactKey: Guid(81d4d8d4419547540be15b3b65efb899) Importer(815301076,1909f56bfc062723c751e8b465ee728b)
Start importing Assets/U_Material/Color/New Material.mat using Guid(81d4d8d4419547540be15b3b65efb899) Importer(815301076,1909f56bfc062723c751e8b465ee728b)  -> (artifact id: '0f5f54e24c142be78ae780200afb9948') in 0.202434 seconds 
========================================================================
Received Import Request.
  Time since last request: 0.001207 seconds.
  path: Assets/U_Material/Color/White.mat
  artifactKey: Guid(819efe148b9d30a4c8045e46000d06ac) Importer(815301076,1909f56bfc062723c751e8b465ee728b)
Start importing Assets/U_Material/Color/White.mat using Guid(819efe148b9d30a4c8045e46000d06ac) Importer(815301076,1909f56bfc062723c751e8b465ee728b)  -> (artifact id: '2104a4b11b4b0aca4209abeb8ad9253e') in 0.066897 seconds 
========================================================================
Received Import Request.
  Time since last request: 0.002042 seconds.
  path: Assets/U_Material/Color/Red.mat
  artifactKey: Guid(95b22e14b0bcbaa49803a27a5628a949) Importer(815301076,1909f56bfc062723c751e8b465ee728b)
Start importing Assets/U_Material/Color/Red.mat using Guid(95b22e14b0bcbaa49803a27a5628a949) Importer(815301076,1909f56bfc062723c751e8b465ee728b)  -> (artifact id: '67fcd30cdd92bd319806a56adba82f96') in 0.135615 seconds 
========================================================================
Received Import Request.
  Time since last request: 0.001772 seconds.
  path: Assets/U_Material/Color/Orange.mat
  artifactKey: Guid(0e994c98b2144944d9da33864476465b) Importer(815301076,1909f56bfc062723c751e8b465ee728b)
Start importing Assets/U_Material/Color/Orange.mat using Guid(0e994c98b2144944d9da33864476465b) Importer(815301076,1909f56bfc062723c751e8b465ee728b)  -> (artifact id: '4116732be69bcd5b740e080eefdba63d') in 0.107758 seconds 
========================================================================
Received Import Request.
  Time since last request: 115.891067 seconds.
  path: Assets/U_Scenes/U_HowToPlay.unity
  artifactKey: Guid(df4bbd80c0b51a342a8f5868e96b4878) Importer(815301076,1909f56bfc062723c751e8b465ee728b)
Start importing Assets/U_Scenes/U_HowToPlay.unity using Guid(df4bbd80c0b51a342a8f5868e96b4878) Importer(815301076,1909f56bfc062723c751e8b465ee728b)  -> (artifact id: 'b5b481670e99fb6da5cfd7ae9d8d8407') in 0.046468 seconds 
