Using pre-set license
Built from '2020.3/staging' branch; Version is '2020.3.43f1 (75bff06b76bf) revision 7716848'; Using compiler version '192528614'; Build Type 'Release'
OS: 'Windows 11  (10.0.22000) 64bit Professional' Language: 'ko' Physical Memory: 7971 MB
BatchMode: 1, IsHumanControllingUs: 0, StartBugReporterOnCrash: 0, Is64bit: 1, IsPro: 0

COMMAND LINE ARGUMENTS:
C:\AllUnity\Unity Editor\2020.3.43f1\Editor\Unity.exe
-adb2
-batchMode
-noUpm
-name
AssetImportWorker0
-projectPath
C:/AllUnity/My Projects/ApplePanda
-logFile
Logs/AssetImportWorker0.log
-srvPort
3409
Successfully changed project path to: C:/AllUnity/My Projects/ApplePanda
C:/AllUnity/My Projects/ApplePanda
Using Asset Import Pipeline V2.
Refreshing native plugins compatible for Editor in 70.51 ms, found 2 plugins.
Preloading 0 native plugins for Editor in 0.00 ms.
Initialize engine version: 2020.3.43f1 (75bff06b76bf)
[Subsystems] Discovering subsystems at path C:/AllUnity/Unity Editor/2020.3.43f1/Editor/Data/Resources/UnitySubsystems
[Subsystems] Discovering subsystems at path C:/AllUnity/My Projects/ApplePanda/Assets
GfxDevice: creating device client; threaded=0
Direct3D:
    Version:  Direct3D 11.0 [level 11.1]
    Renderer: Intel(R) UHD Graphics (ID=0x9b41)
    Vendor:   
    VRAM:     3985 MB
    Driver:   26.20.100.7463
Initialize mono
Mono path[0] = 'C:/AllUnity/Unity Editor/2020.3.43f1/Editor/Data/Managed'
Mono path[1] = 'C:/AllUnity/Unity Editor/2020.3.43f1/Editor/Data/MonoBleedingEdge/lib/mono/unityjit'
Mono config path = 'C:/AllUnity/Unity Editor/2020.3.43f1/Editor/Data/MonoBleedingEdge/etc'
Using monoOptions --debugger-agent=transport=dt_socket,embedding=1,server=y,suspend=n,address=127.0.0.1:56100
Begin MonoManager ReloadAssembly
Registering precompiled unity dll's ...
Register platform support module: C:/AllUnity/Unity Editor/2020.3.43f1/Editor/Data/PlaybackEngines/WindowsStandaloneSupport/UnityEditor.WindowsStandalone.Extensions.dll
Registered in 0.003236 seconds.
Native extension for WindowsStandalone target not found
Refreshing native plugins compatible for Editor in 55.22 ms, found 2 plugins.
Preloading 0 native plugins for Editor in 0.00 ms.
Mono: successfully reloaded assembly
- Completed reload, in  1.085 seconds
Domain Reload Profiling:
	ReloadAssembly (1085ms)
		BeginReloadAssembly (138ms)
			ExecutionOrderSort (0ms)
			DisableScriptedObjects (0ms)
			BackupInstance (0ms)
			ReleaseScriptingObjects (0ms)
			CreateAndSetChildDomain (1ms)
		EndReloadAssembly (821ms)
			LoadAssemblies (134ms)
			RebuildTransferFunctionScriptingTraits (0ms)
			SetupTypeCache (266ms)
			ReleaseScriptCaches (0ms)
			RebuildScriptCaches (68ms)
			SetupLoadedEditorAssemblies (301ms)
				LogAssemblyErrors (0ms)
				InitializePlatformSupportModulesInManaged (11ms)
				SetLoadedEditorAssemblies (0ms)
				RefreshPlugins (55ms)
				BeforeProcessingInitializeOnLoad (27ms)
				ProcessInitializeOnLoadAttributes (151ms)
				ProcessInitializeOnLoadMethodAttributes (56ms)
				AfterProcessingInitializeOnLoad (0ms)
				EditorAssembliesLoaded (0ms)
			ExecutionOrderSort2 (0ms)
			AwakeInstancesAfterBackupRestoration (0ms)
Platform modules already initialized, skipping
Registering precompiled user dll's ...
Registered in 0.009195 seconds.
Begin MonoManager ReloadAssembly
Native extension for WindowsStandalone target not found
Refreshing native plugins compatible for Editor in 0.35 ms, found 2 plugins.
Preloading 0 native plugins for Editor in 0.00 ms.
Mono: successfully reloaded assembly
- Completed reload, in  1.731 seconds
Domain Reload Profiling:
	ReloadAssembly (1733ms)
		BeginReloadAssembly (246ms)
			ExecutionOrderSort (0ms)
			DisableScriptedObjects (9ms)
			BackupInstance (0ms)
			ReleaseScriptingObjects (0ms)
			CreateAndSetChildDomain (29ms)
		EndReloadAssembly (1390ms)
			LoadAssemblies (193ms)
			RebuildTransferFunctionScriptingTraits (0ms)
			SetupTypeCache (461ms)
			ReleaseScriptCaches (0ms)
			RebuildScriptCaches (70ms)
			SetupLoadedEditorAssemblies (564ms)
				LogAssemblyErrors (0ms)
				InitializePlatformSupportModulesInManaged (10ms)
				SetLoadedEditorAssemblies (1ms)
				RefreshPlugins (0ms)
				BeforeProcessingInitializeOnLoad (144ms)
				ProcessInitializeOnLoadAttributes (375ms)
				ProcessInitializeOnLoadMethodAttributes (21ms)
				AfterProcessingInitializeOnLoad (12ms)
				EditorAssembliesLoaded (0ms)
			ExecutionOrderSort2 (0ms)
			AwakeInstancesAfterBackupRestoration (2ms)
Platform modules already initialized, skipping
========================================================================
Worker process is ready to serve import requests
Launched and connected shader compiler UnityShaderCompiler.exe after 0.07 seconds
Refreshing native plugins compatible for Editor in 0.41 ms, found 2 plugins.
Preloading 0 native plugins for Editor in 0.00 ms.
Unloading 1500 Unused Serialized files (Serialized files now loaded: 0)
System memory in use before: 70.8 MB.
System memory in use after: 70.9 MB.

Unloading 17 unused Assets to reduce memory usage. Loaded Objects now: 1939.
Total: 3.702700 ms (FindLiveObjects: 0.195600 ms CreateObjectMapping: 0.052100 ms MarkObjects: 3.278100 ms  DeleteObjects: 0.175800 ms)

AssetImportParameters requested are different than current active one (requested -> active):
  custom:framework-win-MediaFoundation: 216162199b28c13a410421893ffa2e32 -> 
  custom:video-decoder-ogg-theora: a1e56fd34408186e4bbccfd4996cb3dc -> 
  custom:container-muxer-webm: aa71ff27fc2769a1b78a27578f13a17b -> 
  custom:container-demuxer-webm: 4f35f7cbe854078d1ac9338744f61a02 -> 
  custom:container-demuxer-ogg: 62fdf1f143b41e24485cea50d1cbac27 -> 
  custom:video-encoder-webm-vp8: eb34c28f22e8b96e1ab97ce403110664 -> 
  custom:video-decoder-webm-vp8: 9c59270c3fd7afecdb556c50c9e8de78 -> 
  custom:audio-decoder-ogg-vorbis: bf7c407c2cedff20999df2af8eb42d56 -> 
  custom:audio-encoder-webm-vorbis: bf7c407c2cedff20999df2af8eb42d56 -> 
========================================================================
Received Import Request.
  path: Assets/U_Material/Boy
  artifactKey: Guid(deba54323de7e3f49acd3cb18301b59c) Importer(815301076,1909f56bfc062723c751e8b465ee728b)
Start importing Assets/U_Material/Boy using Guid(deba54323de7e3f49acd3cb18301b59c) Importer(815301076,1909f56bfc062723c751e8b465ee728b)  -> (artifact id: 'bdaac877f941138234a3a1b7629518fe') in 0.016389 seconds 
========================================================================
Received Import Request.
  Time since last request: 7.835160 seconds.
  path: Assets/U_Material/Boy/Models
  artifactKey: Guid(47901f0c6771745dd98387989c4abb7c) Importer(815301076,1909f56bfc062723c751e8b465ee728b)
Start importing Assets/U_Material/Boy/Models using Guid(47901f0c6771745dd98387989c4abb7c) Importer(815301076,1909f56bfc062723c751e8b465ee728b)  -> (artifact id: '884b30fa95dbfe8396346e4f94036d30') in 0.015841 seconds 
========================================================================
Received Import Request.
  Time since last request: 17.727754 seconds.
  path: Assets/U_Material/Boy/Prefabs
  artifactKey: Guid(51ca348ba34a441e1b5c97394101d516) Importer(815301076,1909f56bfc062723c751e8b465ee728b)
Start importing Assets/U_Material/Boy/Prefabs using Guid(51ca348ba34a441e1b5c97394101d516) Importer(815301076,1909f56bfc062723c751e8b465ee728b)  -> (artifact id: '6407053cc82627624ad78202a8784110') in 0.015426 seconds 
========================================================================
Received Import Request.
  Time since last request: 0.901268 seconds.
  path: Assets/U_Material/Boy/Prefabs/Base
  artifactKey: Guid(562e237c595c84c438a47e6e8d7d996f) Importer(815301076,1909f56bfc062723c751e8b465ee728b)
Start importing Assets/U_Material/Boy/Prefabs/Base using Guid(562e237c595c84c438a47e6e8d7d996f) Importer(815301076,1909f56bfc062723c751e8b465ee728b)  -> (artifact id: 'f664c27574dd09ef2e2d1612274146c5') in 0.020996 seconds 
========================================================================
Received Import Request.
  Time since last request: 0.593507 seconds.
  path: Assets/U_Material/Boy/Prefabs/Base/High Quality
  artifactKey: Guid(455fdc59855b943cea512f2098626b4b) Importer(815301076,1909f56bfc062723c751e8b465ee728b)
Start importing Assets/U_Material/Boy/Prefabs/Base/High Quality using Guid(455fdc59855b943cea512f2098626b4b) Importer(815301076,1909f56bfc062723c751e8b465ee728b)  -> (artifact id: '004e788f4d8928fb728c6b54bae48ba7') in 0.012351 seconds 
========================================================================
Received Import Request.
  Time since last request: 0.009565 seconds.
  path: Assets/U_Material/Boy/Prefabs/Base/High Quality/MaleFree1.prefab
  artifactKey: Guid(7b53a319ad9934fd5a63b6d3d0a44908) Importer(815301076,1909f56bfc062723c751e8b465ee728b)
Start importing Assets/U_Material/Boy/Prefabs/Base/High Quality/MaleFree1.prefab using Guid(7b53a319ad9934fd5a63b6d3d0a44908) Importer(815301076,1909f56bfc062723c751e8b465ee728b)  -> (artifact id: '396668775f85b31cf7614fc17af6d544') in 0.101254 seconds 
========================================================================
Received Import Request.
  Time since last request: 31.609226 seconds.
  path: Assets/U_Material/Boy/Materials/High Quality
  artifactKey: Guid(09ff47579c5874dc6a2ad3739a99a98d) Importer(815301076,1909f56bfc062723c751e8b465ee728b)
Start importing Assets/U_Material/Boy/Materials/High Quality using Guid(09ff47579c5874dc6a2ad3739a99a98d) Importer(815301076,1909f56bfc062723c751e8b465ee728b)  -> (artifact id: 'bbffd3688724d4e8afa0c88fb3dcf5ac') in 0.014861 seconds 
========================================================================
Received Import Request.
  Time since last request: 0.010723 seconds.
  path: Assets/U_Material/Boy/Materials/High Quality/free_male_1_body.mat
  artifactKey: Guid(33d211f3f79364265b1c7190a034aa6a) Importer(815301076,1909f56bfc062723c751e8b465ee728b)
Start importing Assets/U_Material/Boy/Materials/High Quality/free_male_1_body.mat using Guid(33d211f3f79364265b1c7190a034aa6a) Importer(815301076,1909f56bfc062723c751e8b465ee728b)  -> (artifact id: 'b8379d98f6ac8ae42595482302394de9') in 0.143565 seconds 
========================================================================
Received Import Request.
  Time since last request: 0.000335 seconds.
  path: Assets/U_Material/Boy/Materials/High Quality/free_male_1_head.mat
  artifactKey: Guid(e5167482f39344b6ba0d8861d3d81277) Importer(815301076,1909f56bfc062723c751e8b465ee728b)
Start importing Assets/U_Material/Boy/Materials/High Quality/free_male_1_head.mat using Guid(e5167482f39344b6ba0d8861d3d81277) Importer(815301076,1909f56bfc062723c751e8b465ee728b)  -> (artifact id: '8e7c5afd0e11b7c3a5078807a24e92cc') in 0.038010 seconds 
========================================================================
Received Import Request.
  Time since last request: 131.609651 seconds.
  path: Assets/U_Material/Boy/Materials/Fonts/BMJUA_otf.otf
  artifactKey: Guid(5f2532ccc38294806bb8ecc788de52bc) Importer(815301076,1909f56bfc062723c751e8b465ee728b)
Start importing Assets/U_Material/Boy/Materials/Fonts/BMJUA_otf.otf using Guid(5f2532ccc38294806bb8ecc788de52bc) Importer(815301076,1909f56bfc062723c751e8b465ee728b)  -> (artifact id: '989933b471e227c29188ef52a9bbdebf') in 0.094136 seconds 
========================================================================
Received Import Request.
  Time since last request: 0.000320 seconds.
  path: Assets/U_Material/Boy/Materials/Fonts/BMJUA_ttf.ttf
  artifactKey: Guid(a3892b28377204b398b19fd925dcf770) Importer(815301076,1909f56bfc062723c751e8b465ee728b)
Start importing Assets/U_Material/Boy/Materials/Fonts/BMJUA_ttf.ttf using Guid(a3892b28377204b398b19fd925dcf770) Importer(815301076,1909f56bfc062723c751e8b465ee728b)  -> (artifact id: 'b0e16aa9a5e11404b7ed4b0a1929f0ab') in 0.046428 seconds 
========================================================================
Received Import Request.
  Time since last request: 47.763274 seconds.
  path: Assets/U_Material/Boy/Materials/Fonts/Cafe24Ssurround.ttf
  artifactKey: Guid(b4743ce742da6264db4fa19eb86b84bb) Importer(815301076,1909f56bfc062723c751e8b465ee728b)
Start importing Assets/U_Material/Boy/Materials/Fonts/Cafe24Ssurround.ttf using Guid(b4743ce742da6264db4fa19eb86b84bb) Importer(815301076,1909f56bfc062723c751e8b465ee728b)  -> (artifact id: '176d5dbc55a22e4713efc8db9e23f308') in 0.817871 seconds 
========================================================================
Received Import Request.
  Time since last request: 0.000576 seconds.
  path: Assets/U_Material/Boy/Materials/Fonts/ChosunCentennial_otf.otf
  artifactKey: Guid(3dbe33c6d15a1c743a653df8f1fe4652) Importer(815301076,1909f56bfc062723c751e8b465ee728b)
Start importing Assets/U_Material/Boy/Materials/Fonts/ChosunCentennial_otf.otf using Guid(3dbe33c6d15a1c743a653df8f1fe4652) Importer(815301076,1909f56bfc062723c751e8b465ee728b)  -> (artifact id: '0a0b2b61c4d38041196b9a6a6dbb7ba3') in 0.126471 seconds 
========================================================================
Received Import Request.
  Time since last request: 102.951493 seconds.
  path: Assets/U_Material/Boy/Materials/Materials/CloudMat.mat
  artifactKey: Guid(51adf49c828af4b42b49cd399cd49b10) Importer(815301076,1909f56bfc062723c751e8b465ee728b)
Start importing Assets/U_Material/Boy/Materials/Materials/CloudMat.mat using Guid(51adf49c828af4b42b49cd399cd49b10) Importer(815301076,1909f56bfc062723c751e8b465ee728b)  -> (artifact id: 'e63b927cef3b8e6b2f810f0972a719e4') in 0.045318 seconds 
========================================================================
Received Import Request.
  Time since last request: 0.000344 seconds.
  path: Assets/U_Material/Boy/Materials/Materials/Flower2Mat.mat
  artifactKey: Guid(1c5a335489a263f458754f8cde45f221) Importer(815301076,1909f56bfc062723c751e8b465ee728b)
Start importing Assets/U_Material/Boy/Materials/Materials/Flower2Mat.mat using Guid(1c5a335489a263f458754f8cde45f221) Importer(815301076,1909f56bfc062723c751e8b465ee728b)  -> (artifact id: 'b68131541fb36d1069611dce9b810320') in 0.054407 seconds 
========================================================================
Received Import Request.
  Time since last request: 0.000649 seconds.
  path: Assets/U_Material/Boy/Materials/Materials/RockMat.mat
  artifactKey: Guid(5bfbfdebccebf0c45832bef70d1337f7) Importer(815301076,1909f56bfc062723c751e8b465ee728b)
Start importing Assets/U_Material/Boy/Materials/Materials/RockMat.mat using Guid(5bfbfdebccebf0c45832bef70d1337f7) Importer(815301076,1909f56bfc062723c751e8b465ee728b)  -> (artifact id: '27effb24d927242031b17aa228af9f1d') in 0.029689 seconds 
========================================================================
Received Import Request.
  Time since last request: 0.000401 seconds.
  path: Assets/U_Material/Boy/Materials/Materials/Mushroom3Mat.mat
  artifactKey: Guid(23f92ab09af350146b1d22ca67ed7887) Importer(815301076,1909f56bfc062723c751e8b465ee728b)
Start importing Assets/U_Material/Boy/Materials/Materials/Mushroom3Mat.mat using Guid(23f92ab09af350146b1d22ca67ed7887) Importer(815301076,1909f56bfc062723c751e8b465ee728b)  -> (artifact id: 'd6c1a43e8be1f5d845e51c3ca5a4bce0') in 0.034525 seconds 
========================================================================
Received Import Request.
  Time since last request: 0.000361 seconds.
  path: Assets/U_Material/Boy/Materials/Materials/TreeGreen2Mat.mat
  artifactKey: Guid(b6747bf277df0e344ac544c7cfa37c62) Importer(815301076,1909f56bfc062723c751e8b465ee728b)
Start importing Assets/U_Material/Boy/Materials/Materials/TreeGreen2Mat.mat using Guid(b6747bf277df0e344ac544c7cfa37c62) Importer(815301076,1909f56bfc062723c751e8b465ee728b)  -> (artifact id: '096e404e562ab82da792a5bd44224f5d') in 0.035341 seconds 
========================================================================
Received Import Request.
  Time since last request: 0.001023 seconds.
  path: Assets/U_Material/Boy/Materials/Materials/TreeGreen1Mat.mat
  artifactKey: Guid(cf7b2a2a4b5c2bb409c794db9d64ff3f) Importer(815301076,1909f56bfc062723c751e8b465ee728b)
Start importing Assets/U_Material/Boy/Materials/Materials/TreeGreen1Mat.mat using Guid(cf7b2a2a4b5c2bb409c794db9d64ff3f) Importer(815301076,1909f56bfc062723c751e8b465ee728b)  -> (artifact id: 'a5c92858e4c8a18b2e0ab452174270fe') in 0.027617 seconds 
========================================================================
Received Import Request.
  Time since last request: 0.000945 seconds.
  path: Assets/U_Material/Boy/Materials/Materials/Flower1Mat.mat
  artifactKey: Guid(202c5159be2241d4682cfcbb8d30c7d2) Importer(815301076,1909f56bfc062723c751e8b465ee728b)
Start importing Assets/U_Material/Boy/Materials/Materials/Flower1Mat.mat using Guid(202c5159be2241d4682cfcbb8d30c7d2) Importer(815301076,1909f56bfc062723c751e8b465ee728b)  -> (artifact id: 'bd9ba5943179e15af508a5828aa1946b') in 0.043122 seconds 
========================================================================
Received Import Request.
  Time since last request: 0.000429 seconds.
  path: Assets/U_Material/Boy/Materials/Materials/PlantMat.mat
  artifactKey: Guid(49f2ecb08a0c38140b335a0a1f7f66f4) Importer(815301076,1909f56bfc062723c751e8b465ee728b)
Start importing Assets/U_Material/Boy/Materials/Materials/PlantMat.mat using Guid(49f2ecb08a0c38140b335a0a1f7f66f4) Importer(815301076,1909f56bfc062723c751e8b465ee728b)  -> (artifact id: '4afa4ab4c49285f62a7230a863856dd9') in 0.035285 seconds 
========================================================================
Received Import Request.
  Time since last request: 0.000378 seconds.
  path: Assets/U_Material/Boy/Materials/Materials/FireParticleAddMat.mat
  artifactKey: Guid(4d013014c63f66349b847f12173289d2) Importer(815301076,1909f56bfc062723c751e8b465ee728b)
Start importing Assets/U_Material/Boy/Materials/Materials/FireParticleAddMat.mat using Guid(4d013014c63f66349b847f12173289d2) Importer(815301076,1909f56bfc062723c751e8b465ee728b)  -> (artifact id: '259979a3dd31b352a21347e62cf9af11') in 0.175855 seconds 
========================================================================
Received Import Request.
  Time since last request: 0.000249 seconds.
  path: Assets/U_Material/Boy/Materials/Materials/FireParticleMat.mat
  artifactKey: Guid(0e82a89a9331d7c4bb16ef322caffd53) Importer(815301076,1909f56bfc062723c751e8b465ee728b)
Start importing Assets/U_Material/Boy/Materials/Materials/FireParticleMat.mat using Guid(0e82a89a9331d7c4bb16ef322caffd53) Importer(815301076,1909f56bfc062723c751e8b465ee728b)  -> (artifact id: 'e561969433d9488eb9c4181a99ef6fcc') in 3.895156 seconds 
========================================================================
Received Import Request.
  Time since last request: 0.000427 seconds.
  path: Assets/U_Material/Boy/Materials/Models/FireParticle.fbx
  artifactKey: Guid(dc361669c609eb24c8940f9c51167859) Importer(815301076,1909f56bfc062723c751e8b465ee728b)
Start importing Assets/U_Material/Boy/Materials/Models/FireParticle.fbx using Guid(dc361669c609eb24c8940f9c51167859) Importer(815301076,1909f56bfc062723c751e8b465ee728b)  -> (artifact id: 'bae6c173d9a81373c9063b62e88e49e6') in 0.102998 seconds 
========================================================================
Received Import Request.
  Time since last request: 0.000630 seconds.
  path: Assets/U_Material/Boy/Materials/Models/Ivy2.fbx
  artifactKey: Guid(4a6b6e5f854d4a84f8b73456e687eec9) Importer(815301076,1909f56bfc062723c751e8b465ee728b)
Start importing Assets/U_Material/Boy/Materials/Models/Ivy2.fbx using Guid(4a6b6e5f854d4a84f8b73456e687eec9) Importer(815301076,1909f56bfc062723c751e8b465ee728b)  -> (artifact id: '08107de05977cead4a8056a96c4e8939') in 0.063497 seconds 
========================================================================
Received Import Request.
  Time since last request: 0.000460 seconds.
  path: Assets/U_Material/Boy/Materials/Models/Flower3.fbx
  artifactKey: Guid(0b327016a46383242b0c0f14ed5d68b9) Importer(815301076,1909f56bfc062723c751e8b465ee728b)
Start importing Assets/U_Material/Boy/Materials/Models/Flower3.fbx using Guid(0b327016a46383242b0c0f14ed5d68b9) Importer(815301076,1909f56bfc062723c751e8b465ee728b)  -> (artifact id: '7d665b74ba2613ab3c5909dbaa1069e4') in 0.049846 seconds 
========================================================================
Received Import Request.
  Time since last request: 0.001170 seconds.
  path: Assets/U_Material/Boy/Materials/Models/Grass3.fbx
  artifactKey: Guid(5d1150fbaa24aa24da8c409fd45a1433) Importer(815301076,1909f56bfc062723c751e8b465ee728b)
Start importing Assets/U_Material/Boy/Materials/Models/Grass3.fbx using Guid(5d1150fbaa24aa24da8c409fd45a1433) Importer(815301076,1909f56bfc062723c751e8b465ee728b)  -> (artifact id: 'bedb74c0a395556467d3d95e091f7c6a') in 0.052545 seconds 
========================================================================
Received Import Request.
  Time since last request: 0.000465 seconds.
  path: Assets/U_Material/Boy/Materials/Models/Log.fbx
  artifactKey: Guid(d215d40c0f10c0e4d840d05f62427501) Importer(815301076,1909f56bfc062723c751e8b465ee728b)
Start importing Assets/U_Material/Boy/Materials/Models/Log.fbx using Guid(d215d40c0f10c0e4d840d05f62427501) Importer(815301076,1909f56bfc062723c751e8b465ee728b)  -> (artifact id: '2918335d21f28e42bbd389d4143fc263') in 0.050430 seconds 
========================================================================
Received Import Request.
  Time since last request: 0.000369 seconds.
  path: Assets/U_Material/Boy/Materials/Models/Cloud1.fbx
  artifactKey: Guid(ba90c7e89ce8fb847b770b7be3fc7975) Importer(815301076,1909f56bfc062723c751e8b465ee728b)
Start importing Assets/U_Material/Boy/Materials/Models/Cloud1.fbx using Guid(ba90c7e89ce8fb847b770b7be3fc7975) Importer(815301076,1909f56bfc062723c751e8b465ee728b)  -> (artifact id: 'd3db84266e10bc2f44bdd5cc7508627e') in 0.050303 seconds 
========================================================================
Received Import Request.
  Time since last request: 0.000315 seconds.
  path: Assets/U_Material/Boy/Materials/Models/Ivy1.fbx
  artifactKey: Guid(f5c94a9017473824b95fdbc555580349) Importer(815301076,1909f56bfc062723c751e8b465ee728b)
Start importing Assets/U_Material/Boy/Materials/Models/Ivy1.fbx using Guid(f5c94a9017473824b95fdbc555580349) Importer(815301076,1909f56bfc062723c751e8b465ee728b)  -> (artifact id: '659f1dc92efa97bbb84fc7526a76d8e5') in 0.033570 seconds 
========================================================================
Received Import Request.
  Time since last request: 0.000657 seconds.
  path: Assets/U_Material/Boy/Materials/Models/LightingPlant1.fbx
  artifactKey: Guid(5a354059445b3474fbd658226ba1efdd) Importer(815301076,1909f56bfc062723c751e8b465ee728b)
Start importing Assets/U_Material/Boy/Materials/Models/LightingPlant1.fbx using Guid(5a354059445b3474fbd658226ba1efdd) Importer(815301076,1909f56bfc062723c751e8b465ee728b)  -> (artifact id: '4b0425bb0462fd26cac182393d74a46d') in 0.029425 seconds 
========================================================================
Received Import Request.
  Time since last request: 0.000580 seconds.
  path: Assets/U_Material/Boy/Materials/Models/Grass4.fbx
  artifactKey: Guid(a2848514d81208b45acb2d6cb8e2953c) Importer(815301076,1909f56bfc062723c751e8b465ee728b)
Start importing Assets/U_Material/Boy/Materials/Models/Grass4.fbx using Guid(a2848514d81208b45acb2d6cb8e2953c) Importer(815301076,1909f56bfc062723c751e8b465ee728b)  -> (artifact id: 'b114d12aaa8a3d6263da2559889fa990') in 0.046172 seconds 
========================================================================
Received Import Request.
  Time since last request: 0.000372 seconds.
  path: Assets/U_Material/Boy/Materials/Models/FallenBranch.fbx
  artifactKey: Guid(a05b1bd673e1bfd4986cd14348a0c7c2) Importer(815301076,1909f56bfc062723c751e8b465ee728b)
Start importing Assets/U_Material/Boy/Materials/Models/FallenBranch.fbx using Guid(a05b1bd673e1bfd4986cd14348a0c7c2) Importer(815301076,1909f56bfc062723c751e8b465ee728b)  -> (artifact id: '9f51c51adbcab14a3c14e37c52ae6dd7') in 0.048930 seconds 
========================================================================
Received Import Request.
  Time since last request: 0.000953 seconds.
  path: Assets/U_Material/Boy/Materials/Models/LightingPlant2.fbx
  artifactKey: Guid(4a7d6681c1a137843b4a5b1dd9d74e6b) Importer(815301076,1909f56bfc062723c751e8b465ee728b)
Start importing Assets/U_Material/Boy/Materials/Models/LightingPlant2.fbx using Guid(4a7d6681c1a137843b4a5b1dd9d74e6b) Importer(815301076,1909f56bfc062723c751e8b465ee728b)  -> (artifact id: '21c682b6494c53c952a03943aefd174a') in 0.065324 seconds 
========================================================================
Received Import Request.
  Time since last request: 0.000374 seconds.
  path: Assets/U_Material/Boy/Materials/Models/Cloud2.fbx
  artifactKey: Guid(a6334d263148b284bb2aeeef15b19ead) Importer(815301076,1909f56bfc062723c751e8b465ee728b)
Start importing Assets/U_Material/Boy/Materials/Models/Cloud2.fbx using Guid(a6334d263148b284bb2aeeef15b19ead) Importer(815301076,1909f56bfc062723c751e8b465ee728b)  -> (artifact id: 'ff5ee6ecfbbeb0eb639baeec05e390c9') in 0.038408 seconds 
========================================================================
Received Import Request.
  Time since last request: 0.000467 seconds.
  path: Assets/U_Material/Boy/Materials/Models/FireWood.fbx
  artifactKey: Guid(76e0ad8bbe5fca64f90e1cb33a04e75e) Importer(815301076,1909f56bfc062723c751e8b465ee728b)
Start importing Assets/U_Material/Boy/Materials/Models/FireWood.fbx using Guid(76e0ad8bbe5fca64f90e1cb33a04e75e) Importer(815301076,1909f56bfc062723c751e8b465ee728b)  -> (artifact id: 'e914b803e3d1cabce963d76eb14770d8') in 0.046104 seconds 
========================================================================
Received Import Request.
  Time since last request: 0.000783 seconds.
  path: Assets/U_Material/Boy/Materials/Materials/Mushroom2Mat.mat
  artifactKey: Guid(308680fc3656cdb49aa30c04aae1eb87) Importer(815301076,1909f56bfc062723c751e8b465ee728b)
Start importing Assets/U_Material/Boy/Materials/Materials/Mushroom2Mat.mat using Guid(308680fc3656cdb49aa30c04aae1eb87) Importer(815301076,1909f56bfc062723c751e8b465ee728b)  -> (artifact id: '957d70d449bc7d08100d437af5ae63a4') in 0.034065 seconds 
========================================================================
Received Import Request.
  Time since last request: 0.000329 seconds.
  path: Assets/U_Material/Boy/Materials/Materials/EmissionBlueMat.mat
  artifactKey: Guid(5a42f8033becfcc4db580e9dd08bd6b3) Importer(815301076,1909f56bfc062723c751e8b465ee728b)
Start importing Assets/U_Material/Boy/Materials/Materials/EmissionBlueMat.mat using Guid(5a42f8033becfcc4db580e9dd08bd6b3) Importer(815301076,1909f56bfc062723c751e8b465ee728b)  -> (artifact id: '70c9ae354f4346366768a28b4eecbd34') in 0.031365 seconds 
========================================================================
Received Import Request.
  Time since last request: 0.000394 seconds.
  path: Assets/U_Material/Boy/Materials/Materials/Mushroom1Mat.mat
  artifactKey: Guid(5835797300e10724eb31a26fa6baa1a6) Importer(815301076,1909f56bfc062723c751e8b465ee728b)
Start importing Assets/U_Material/Boy/Materials/Materials/Mushroom1Mat.mat using Guid(5835797300e10724eb31a26fa6baa1a6) Importer(815301076,1909f56bfc062723c751e8b465ee728b)  -> (artifact id: '0aa54e85df991478274e808969e1c867') in 0.039348 seconds 
========================================================================
Received Import Request.
  Time since last request: 0.000768 seconds.
  path: Assets/U_Material/Boy/Materials/Models/Flower2.fbx
  artifactKey: Guid(0c77d10ec0c97b54da131d936ef92059) Importer(815301076,1909f56bfc062723c751e8b465ee728b)
Start importing Assets/U_Material/Boy/Materials/Models/Flower2.fbx using Guid(0c77d10ec0c97b54da131d936ef92059) Importer(815301076,1909f56bfc062723c751e8b465ee728b)  -> (artifact id: '828c9a63b94565289399a54d75b8548e') in 0.042059 seconds 
========================================================================
Received Import Request.
  Time since last request: 0.000316 seconds.
  path: Assets/U_Material/Boy/Materials/Materials/DemoPlaneMat.mat
  artifactKey: Guid(d598d01c3db68c94692eb5c44c83de93) Importer(815301076,1909f56bfc062723c751e8b465ee728b)
Start importing Assets/U_Material/Boy/Materials/Materials/DemoPlaneMat.mat using Guid(d598d01c3db68c94692eb5c44c83de93) Importer(815301076,1909f56bfc062723c751e8b465ee728b)  -> (artifact id: 'cdb8a4b22bd4e2d99994a656cd9612c5') in 0.037060 seconds 
========================================================================
Received Import Request.
  Time since last request: 0.000645 seconds.
  path: Assets/U_Material/Boy/Materials/Models/Grass2.fbx
  artifactKey: Guid(2ed78cd0e0a5e934b8bb7f6be867e913) Importer(815301076,1909f56bfc062723c751e8b465ee728b)
Start importing Assets/U_Material/Boy/Materials/Models/Grass2.fbx using Guid(2ed78cd0e0a5e934b8bb7f6be867e913) Importer(815301076,1909f56bfc062723c751e8b465ee728b)  -> (artifact id: '9c145a029405f6c50544be49e6bf1892') in 0.032382 seconds 
========================================================================
Received Import Request.
  Time since last request: 0.000587 seconds.
  path: Assets/U_Material/Boy/Materials/Models/Flower1.fbx
  artifactKey: Guid(5e29eb426a57a534b92c5c4f3eb82a9b) Importer(815301076,1909f56bfc062723c751e8b465ee728b)
Start importing Assets/U_Material/Boy/Materials/Models/Flower1.fbx using Guid(5e29eb426a57a534b92c5c4f3eb82a9b) Importer(815301076,1909f56bfc062723c751e8b465ee728b)  -> (artifact id: 'a095e8eedd16524d40d3ff2554894370') in 0.028810 seconds 
========================================================================
Received Import Request.
  Time since last request: 0.001098 seconds.
  path: Assets/U_Material/Boy/Materials/Materials/Flower4Mat.mat
  artifactKey: Guid(b043653feafde9a498c209b65e6b09a7) Importer(815301076,1909f56bfc062723c751e8b465ee728b)
Start importing Assets/U_Material/Boy/Materials/Materials/Flower4Mat.mat using Guid(b043653feafde9a498c209b65e6b09a7) Importer(815301076,1909f56bfc062723c751e8b465ee728b)  -> (artifact id: 'dc28bf8c0fd9dabdab43d3ac794fc5db') in 0.039884 seconds 
========================================================================
Received Import Request.
  Time since last request: 0.000897 seconds.
  path: Assets/U_Material/Boy/Materials/Materials/EmissionYellowMat.mat
  artifactKey: Guid(a23517422c44285409996ebf0584f793) Importer(815301076,1909f56bfc062723c751e8b465ee728b)
Start importing Assets/U_Material/Boy/Materials/Materials/EmissionYellowMat.mat using Guid(a23517422c44285409996ebf0584f793) Importer(815301076,1909f56bfc062723c751e8b465ee728b)  -> (artifact id: '51cc2c78449348596a3a9478ec19a083') in 0.039424 seconds 
========================================================================
Received Import Request.
  Time since last request: 0.000530 seconds.
  path: Assets/U_Material/Boy/Materials/Materials/Flower3Mat.mat
  artifactKey: Guid(ef2c3380ea506a54a96b15b9518d303e) Importer(815301076,1909f56bfc062723c751e8b465ee728b)
Start importing Assets/U_Material/Boy/Materials/Materials/Flower3Mat.mat using Guid(ef2c3380ea506a54a96b15b9518d303e) Importer(815301076,1909f56bfc062723c751e8b465ee728b)  -> (artifact id: '9cd2e5d3af6c7d1fc98a28e6a2b23e3b') in 0.032645 seconds 
========================================================================
Received Import Request.
  Time since last request: 0.000855 seconds.
  path: Assets/U_Material/Boy/Materials/Models/Grass1.fbx
  artifactKey: Guid(5954e88e9d890844e863ec1621dc70a4) Importer(815301076,1909f56bfc062723c751e8b465ee728b)
Start importing Assets/U_Material/Boy/Materials/Models/Grass1.fbx using Guid(5954e88e9d890844e863ec1621dc70a4) Importer(815301076,1909f56bfc062723c751e8b465ee728b)  -> (artifact id: '7f57f782d44edfb2f9a49e0be764bd9a') in 0.033041 seconds 
========================================================================
Received Import Request.
  Time since last request: 0.320946 seconds.
  path: Assets/U_Material/Boy/Textures/free_male_1_body_diffuse.psd
  artifactKey: Guid(9b54d2e55ee26416fb5be641037b1e55) Importer(815301076,1909f56bfc062723c751e8b465ee728b)
Start importing Assets/U_Material/Boy/Textures/free_male_1_body_diffuse.psd using Guid(9b54d2e55ee26416fb5be641037b1e55) Importer(815301076,1909f56bfc062723c751e8b465ee728b)  -> (artifact id: '83df8adebe8283ada134fb97b8bd6df3') in 0.067153 seconds 
========================================================================
Received Import Request.
  Time since last request: 0.000339 seconds.
  path: Assets/U_Material/Boy/Textures/free_male_1_head_diffuse.psd
  artifactKey: Guid(3f063cf84bd1544e284e1d418576d8ec) Importer(815301076,1909f56bfc062723c751e8b465ee728b)
Start importing Assets/U_Material/Boy/Textures/free_male_1_head_diffuse.psd using Guid(3f063cf84bd1544e284e1d418576d8ec) Importer(815301076,1909f56bfc062723c751e8b465ee728b)  -> (artifact id: '9150e18a6eae460cf4e99e43ffeebb1a') in 0.042350 seconds 
========================================================================
Received Import Request.
  Time since last request: 1.563209 seconds.
  path: Assets/U_Material/Tree/tree2.fbx
  artifactKey: Guid(6abb252e633ee404884871f741bb7479) Importer(815301076,1909f56bfc062723c751e8b465ee728b)
Start importing Assets/U_Material/Tree/tree2.fbx using Guid(6abb252e633ee404884871f741bb7479) Importer(815301076,1909f56bfc062723c751e8b465ee728b)  -> (artifact id: '505c5f9dca8f27cf4fbd4b2a89d5d381') in 0.446520 seconds 
========================================================================
Received Import Request.
  Time since last request: 2.875349 seconds.
  path: Assets/U_Scenes/U_EndScene.unity
  artifactKey: Guid(533c981293969ac46bab6f366993c2d9) Importer(815301076,1909f56bfc062723c751e8b465ee728b)
Start importing Assets/U_Scenes/U_EndScene.unity using Guid(533c981293969ac46bab6f366993c2d9) Importer(815301076,1909f56bfc062723c751e8b465ee728b)  -> (artifact id: '44cb23c9be4fd92bc44663e544ac0d92') in 0.012120 seconds 
========================================================================
Received Import Request.
  Time since last request: 41.940602 seconds.
  path: Assets/U_Material/Sounds/back to town.wav
  artifactKey: Guid(b95f425f538326b43b6c85e0960d8488) Importer(815301076,1909f56bfc062723c751e8b465ee728b)
Start importing Assets/U_Material/Sounds/back to town.wav using Guid(b95f425f538326b43b6c85e0960d8488) Importer(815301076,1909f56bfc062723c751e8b465ee728b)  -> (artifact id: '12439ce2b3a421337a6b92bc945bb1f5') in 0.045804 seconds 
========================================================================
Received Import Request.
  Time since last request: 0.000631 seconds.
  path: Assets/U_Material/Sounds/little sad.wav
  artifactKey: Guid(5f8c542da46f292489737a43befa86b4) Importer(815301076,1909f56bfc062723c751e8b465ee728b)
Start importing Assets/U_Material/Sounds/little sad.wav using Guid(5f8c542da46f292489737a43befa86b4) Importer(815301076,1909f56bfc062723c751e8b465ee728b)  -> (artifact id: 'fc4779ff49a2f8ae7940b7681e332f12') in 0.047369 seconds 
========================================================================
Received Import Request.
  Time since last request: 0.000474 seconds.
  path: Assets/U_Material/Sounds/dollSing.mp3
  artifactKey: Guid(006513136bad4e54592975bb55360d0a) Importer(815301076,1909f56bfc062723c751e8b465ee728b)
Start importing Assets/U_Material/Sounds/dollSing.mp3 using Guid(006513136bad4e54592975bb55360d0a) Importer(815301076,1909f56bfc062723c751e8b465ee728b)  -> (artifact id: '07bd1a1d33986b00be8629f36bf492aa') in 0.043337 seconds 
========================================================================
Received Import Request.
  Time since last request: 0.000520 seconds.
  path: Assets/U_Material/Sounds/game over.wav
  artifactKey: Guid(cf9263392cd83634fbe463db411d01ce) Importer(815301076,1909f56bfc062723c751e8b465ee728b)
Start importing Assets/U_Material/Sounds/game over.wav using Guid(cf9263392cd83634fbe463db411d01ce) Importer(815301076,1909f56bfc062723c751e8b465ee728b)  -> (artifact id: '5749e6521416fd6eb6d60389b674bb8b') in 0.060102 seconds 
========================================================================
Received Import Request.
  Time since last request: 0.000583 seconds.
  path: Assets/U_Material/Sounds/how to play.wav
  artifactKey: Guid(2ff0a4e00d6dd1a4a84d7b9461f41f3b) Importer(815301076,1909f56bfc062723c751e8b465ee728b)
Start importing Assets/U_Material/Sounds/how to play.wav using Guid(2ff0a4e00d6dd1a4a84d7b9461f41f3b) Importer(815301076,1909f56bfc062723c751e8b465ee728b)  -> (artifact id: '396eba5d16a734ed6ec1364041b4ef1b') in 0.046303 seconds 
========================================================================
Received Import Request.
  Time since last request: 0.000360 seconds.
  path: Assets/U_Material/Sounds/beep3.wav
  artifactKey: Guid(6248cffea2ae644f0bfa2e83714b0905) Importer(815301076,1909f56bfc062723c751e8b465ee728b)
Start importing Assets/U_Material/Sounds/beep3.wav using Guid(6248cffea2ae644f0bfa2e83714b0905) Importer(815301076,1909f56bfc062723c751e8b465ee728b)  -> (artifact id: '86e7d285403910296de1b600974f19e5') in 0.040483 seconds 
========================================================================
Received Import Request.
  Time since last request: 0.000797 seconds.
  path: Assets/U_Material/Sounds/steps.mp3
  artifactKey: Guid(65c3669edd770f942a1ce85450744d66) Importer(815301076,1909f56bfc062723c751e8b465ee728b)
Start importing Assets/U_Material/Sounds/steps.mp3 using Guid(65c3669edd770f942a1ce85450744d66) Importer(815301076,1909f56bfc062723c751e8b465ee728b)  -> (artifact id: '3b2225d3b3b3203fc6317b9893e4267d') in 0.032738 seconds 
========================================================================
Received Import Request.
  Time since last request: 0.000321 seconds.
  path: Assets/U_Material/Sounds/dollHeadOff.mp3
  artifactKey: Guid(3c2f7cecc6c1a624e93bb951c67f5a85) Importer(815301076,1909f56bfc062723c751e8b465ee728b)
Start importing Assets/U_Material/Sounds/dollHeadOff.mp3 using Guid(3c2f7cecc6c1a624e93bb951c67f5a85) Importer(815301076,1909f56bfc062723c751e8b465ee728b)  -> (artifact id: 'e370d32aac903da27672681d4d4ceac6') in 0.033400 seconds 
========================================================================
Received Import Request.
  Time since last request: 0.002135 seconds.
  path: Assets/U_Material/Sounds/dollHeadOn.mp3
  artifactKey: Guid(3fa31f9a1a36763469a69722a180eebf) Importer(815301076,1909f56bfc062723c751e8b465ee728b)
Start importing Assets/U_Material/Sounds/dollHeadOn.mp3 using Guid(3fa31f9a1a36763469a69722a180eebf) Importer(815301076,1909f56bfc062723c751e8b465ee728b)  -> (artifact id: '52cfeb0afb51e460e781a7d15d6897e2') in 0.033494 seconds 
========================================================================
Received Import Request.
  Time since last request: 0.000367 seconds.
  path: Assets/U_Material/Sounds/Startgame.wav
  artifactKey: Guid(0a80a95d2b94c7b468163aaa3f08552d) Importer(815301076,1909f56bfc062723c751e8b465ee728b)
Start importing Assets/U_Material/Sounds/Startgame.wav using Guid(0a80a95d2b94c7b468163aaa3f08552d) Importer(815301076,1909f56bfc062723c751e8b465ee728b)  -> (artifact id: 'c688796abf9fbbc9bd6d4b30d1a9e474') in 0.047554 seconds 
========================================================================
Received Import Request.
  Time since last request: 7.948018 seconds.
  path: Assets/U_Material/Prefabs/CampFire.prefab
  artifactKey: Guid(d6a5e2c4aefa6804b8f7d2af9a9676b5) Importer(815301076,1909f56bfc062723c751e8b465ee728b)
Start importing Assets/U_Material/Prefabs/CampFire.prefab using Guid(d6a5e2c4aefa6804b8f7d2af9a9676b5) Importer(815301076,1909f56bfc062723c751e8b465ee728b)  -> (artifact id: '37bc4296395abd0cddf32c7970a36b02') in 2.931458 seconds 
========================================================================
Received Import Request.
  Time since last request: 0.000429 seconds.
  path: Assets/U_Material/Prefabs/Ivy2.prefab
  artifactKey: Guid(8c1162e29ab5baf45ad76ebc6e86889b) Importer(815301076,1909f56bfc062723c751e8b465ee728b)
Start importing Assets/U_Material/Prefabs/Ivy2.prefab using Guid(8c1162e29ab5baf45ad76ebc6e86889b) Importer(815301076,1909f56bfc062723c751e8b465ee728b)  -> (artifact id: '1b9475b1517a3fb77a0bed2cc71769e7') in 0.033530 seconds 
========================================================================
Received Import Request.
  Time since last request: 0.000418 seconds.
  path: Assets/U_Material/Prefabs/Flower3.prefab
  artifactKey: Guid(221bd8eee906efe489a9f1c8aad0ec09) Importer(815301076,1909f56bfc062723c751e8b465ee728b)
Start importing Assets/U_Material/Prefabs/Flower3.prefab using Guid(221bd8eee906efe489a9f1c8aad0ec09) Importer(815301076,1909f56bfc062723c751e8b465ee728b)  -> (artifact id: '7976830f4f36d769ced006c7a7080258') in 0.036788 seconds 
========================================================================
Received Import Request.
  Time since last request: 0.000567 seconds.
  path: Assets/U_Material/Prefabs/Grass3.prefab
  artifactKey: Guid(aca4c69ba2792044da19860502518138) Importer(815301076,1909f56bfc062723c751e8b465ee728b)
Start importing Assets/U_Material/Prefabs/Grass3.prefab using Guid(aca4c69ba2792044da19860502518138) Importer(815301076,1909f56bfc062723c751e8b465ee728b)  -> (artifact id: '2421f704162b59ec1848bd35f1c7d9c8') in 0.037217 seconds 
========================================================================
Received Import Request.
  Time since last request: 0.000852 seconds.
  path: Assets/U_Material/Prefabs/LightingPlant1.prefab
  artifactKey: Guid(46ca9bca5d4d6824c9973375d741a3df) Importer(815301076,1909f56bfc062723c751e8b465ee728b)
Start importing Assets/U_Material/Prefabs/LightingPlant1.prefab using Guid(46ca9bca5d4d6824c9973375d741a3df) Importer(815301076,1909f56bfc062723c751e8b465ee728b)  -> (artifact id: '3fd5e410911363ea53c92853eb9dd471') in 0.029160 seconds 
========================================================================
Received Import Request.
  Time since last request: 0.000425 seconds.
  path: Assets/U_Material/Prefabs/Cloud1.prefab
  artifactKey: Guid(6789997751c6130409b863c46ad59295) Importer(815301076,1909f56bfc062723c751e8b465ee728b)
Start importing Assets/U_Material/Prefabs/Cloud1.prefab using Guid(6789997751c6130409b863c46ad59295) Importer(815301076,1909f56bfc062723c751e8b465ee728b)  -> (artifact id: '116eb2676b86cbb8780259629bab2895') in 0.036041 seconds 
========================================================================
Received Import Request.
  Time since last request: 0.000458 seconds.
  path: Assets/U_Material/Prefabs/Flower4.prefab
  artifactKey: Guid(96d41c598e0118d4e8684be3e2d7effb) Importer(815301076,1909f56bfc062723c751e8b465ee728b)
Start importing Assets/U_Material/Prefabs/Flower4.prefab using Guid(96d41c598e0118d4e8684be3e2d7effb) Importer(815301076,1909f56bfc062723c751e8b465ee728b)  -> (artifact id: 'dc74dc457eb528d31b848aefa4db1c0a') in 0.046977 seconds 
========================================================================
Received Import Request.
  Time since last request: 0.000596 seconds.
  path: Assets/U_Material/Prefabs/Grass1.prefab
  artifactKey: Guid(430aea17f65ddba419bf9f426b17128f) Importer(815301076,1909f56bfc062723c751e8b465ee728b)
Start importing Assets/U_Material/Prefabs/Grass1.prefab using Guid(430aea17f65ddba419bf9f426b17128f) Importer(815301076,1909f56bfc062723c751e8b465ee728b)  -> (artifact id: 'fde809f8fa0bf8e11e55daa751b0b2de') in 0.031460 seconds 
========================================================================
Received Import Request.
  Time since last request: 0.000622 seconds.
  path: Assets/U_Material/Prefabs/Flower2.prefab
  artifactKey: Guid(d7375139d18121f4daae96053a84e4c9) Importer(815301076,1909f56bfc062723c751e8b465ee728b)
Start importing Assets/U_Material/Prefabs/Flower2.prefab using Guid(d7375139d18121f4daae96053a84e4c9) Importer(815301076,1909f56bfc062723c751e8b465ee728b)  -> (artifact id: '129dbe26c1b76337f771df71b40bfffb') in 0.041352 seconds 
========================================================================
Received Import Request.
  Time since last request: 0.000374 seconds.
  path: Assets/U_Material/Prefabs/Cloud2.prefab
  artifactKey: Guid(fddda2a39f85ef043ad3625db468391f) Importer(815301076,1909f56bfc062723c751e8b465ee728b)
Start importing Assets/U_Material/Prefabs/Cloud2.prefab using Guid(fddda2a39f85ef043ad3625db468391f) Importer(815301076,1909f56bfc062723c751e8b465ee728b)  -> (artifact id: '94285f293734c3a9279051dbed153eb1') in 0.031655 seconds 
========================================================================
Received Import Request.
  Time since last request: 0.000469 seconds.
  path: Assets/U_Material/Prefabs/Clouds1Layer.prefab
  artifactKey: Guid(e1eaa02314a382d4193af3de770677f6) Importer(815301076,1909f56bfc062723c751e8b465ee728b)
Start importing Assets/U_Material/Prefabs/Clouds1Layer.prefab using Guid(e1eaa02314a382d4193af3de770677f6) Importer(815301076,1909f56bfc062723c751e8b465ee728b)  -> (artifact id: '098c7e2da3eeff73ddc19c91a2f1dbb3') in 0.042080 seconds 
========================================================================
Received Import Request.
  Time since last request: 0.000554 seconds.
  path: Assets/U_Material/Prefabs/Grass2.prefab
  artifactKey: Guid(7ca2fa2809968cf47852232e5d4a6e43) Importer(815301076,1909f56bfc062723c751e8b465ee728b)
Start importing Assets/U_Material/Prefabs/Grass2.prefab using Guid(7ca2fa2809968cf47852232e5d4a6e43) Importer(815301076,1909f56bfc062723c751e8b465ee728b)  -> (artifact id: 'de0b8c686e68ee0ce70ea86153f74f17') in 0.049490 seconds 
========================================================================
Received Import Request.
  Time since last request: 0.000774 seconds.
  path: Assets/U_Material/Prefabs/Ivy1.prefab
  artifactKey: Guid(b3cfafb3174116447b21e588ab379d0b) Importer(815301076,1909f56bfc062723c751e8b465ee728b)
Start importing Assets/U_Material/Prefabs/Ivy1.prefab using Guid(b3cfafb3174116447b21e588ab379d0b) Importer(815301076,1909f56bfc062723c751e8b465ee728b)  -> (artifact id: '3b297ab2e01d4dd56eb18b35b4812269') in 0.031349 seconds 
========================================================================
Received Import Request.
  Time since last request: 0.000661 seconds.
  path: Assets/U_Material/Prefabs/Grass4.prefab
  artifactKey: Guid(08bdb42a7413db34e867890b29e20ecd) Importer(815301076,1909f56bfc062723c751e8b465ee728b)
Start importing Assets/U_Material/Prefabs/Grass4.prefab using Guid(08bdb42a7413db34e867890b29e20ecd) Importer(815301076,1909f56bfc062723c751e8b465ee728b)  -> (artifact id: '71e3af9014c37722c5762cde7fa75b63') in 0.038730 seconds 
========================================================================
Received Import Request.
  Time since last request: 0.000795 seconds.
  path: Assets/U_Material/Prefabs/Clouds2Layer.prefab
  artifactKey: Guid(89364a38eefe93d4495fa803300fc501) Importer(815301076,1909f56bfc062723c751e8b465ee728b)
Start importing Assets/U_Material/Prefabs/Clouds2Layer.prefab using Guid(89364a38eefe93d4495fa803300fc501) Importer(815301076,1909f56bfc062723c751e8b465ee728b)  -> (artifact id: '9f571cea1e6e8fd19be6f365a82110bb') in 0.051085 seconds 
========================================================================
Received Import Request.
  Time since last request: 0.007298 seconds.
  path: Assets/U_Material/Prefabs/Flower1.prefab
  artifactKey: Guid(4d1f930728eb81f499eefd1f6d4db221) Importer(815301076,1909f56bfc062723c751e8b465ee728b)
Start importing Assets/U_Material/Prefabs/Flower1.prefab using Guid(4d1f930728eb81f499eefd1f6d4db221) Importer(815301076,1909f56bfc062723c751e8b465ee728b)  -> (artifact id: '2570317e903f593d4367395faac71453') in 0.034199 seconds 
========================================================================
Received Import Request.
  Time since last request: 0.000351 seconds.
  path: Assets/U_Material/Prefabs/FallenBranch.prefab
  artifactKey: Guid(f8ccaa39b2ab7414796d8eaab4b7bb81) Importer(815301076,1909f56bfc062723c751e8b465ee728b)
Start importing Assets/U_Material/Prefabs/FallenBranch.prefab using Guid(f8ccaa39b2ab7414796d8eaab4b7bb81) Importer(815301076,1909f56bfc062723c751e8b465ee728b)  -> (artifact id: '29f89919f2ad2478e53bd55dc8cab2fe') in 0.037346 seconds 
========================================================================
Received Import Request.
  Time since last request: 64.444216 seconds.
  path: Assets/U_Scenes/U_GAME.unity
  artifactKey: Guid(eef30c51f6e70c34eacf81cdb39f8d98) Importer(815301076,1909f56bfc062723c751e8b465ee728b)
Start importing Assets/U_Scenes/U_GAME.unity using Guid(eef30c51f6e70c34eacf81cdb39f8d98) Importer(815301076,1909f56bfc062723c751e8b465ee728b)  -> (artifact id: 'c821fd2bcd40d706c68778fd09d2e22f') in 0.022135 seconds 
========================================================================
Received Import Request.
  Time since last request: 172.160774 seconds.
  path: Assets/U_Material/Animator/anim/player@Dying.fbx
  artifactKey: Guid(15dbcecda0b81cf44a42bb84304c84f8) Importer(815301076,1909f56bfc062723c751e8b465ee728b)
Start importing Assets/U_Material/Animator/anim/player@Dying.fbx using Guid(15dbcecda0b81cf44a42bb84304c84f8) Importer(815301076,1909f56bfc062723c751e8b465ee728b)  -> (artifact id: '413399ececd02356f9d8733a2d70e187') in 0.040176 seconds 
========================================================================
Received Import Request.
  Time since last request: 0.000453 seconds.
  path: Assets/U_Material/Animator/anim/player@Idle.fbx
  artifactKey: Guid(0071d96d3242f9c46a745a72b4af6861) Importer(815301076,1909f56bfc062723c751e8b465ee728b)
Start importing Assets/U_Material/Animator/anim/player@Idle.fbx using Guid(0071d96d3242f9c46a745a72b4af6861) Importer(815301076,1909f56bfc062723c751e8b465ee728b)  -> (artifact id: 'af936fe1e54d2e5c27dfaa620e854a0a') in 0.035943 seconds 
========================================================================
Received Import Request.
  Time since last request: 0.000550 seconds.
  path: Assets/U_Material/Animator/anim/player@Jumping.fbx
  artifactKey: Guid(c3ac5c8a6e00f30409796c7c2668be3c) Importer(815301076,1909f56bfc062723c751e8b465ee728b)
Start importing Assets/U_Material/Animator/anim/player@Jumping.fbx using Guid(c3ac5c8a6e00f30409796c7c2668be3c) Importer(815301076,1909f56bfc062723c751e8b465ee728b)  -> (artifact id: '22c64e4db284d8db30f94213876bf713') in 0.037467 seconds 
========================================================================
Received Import Request.
  Time since last request: 1.128727 seconds.
  path: Assets/U_Material/Animator/anim/player@Walk.fbx
  artifactKey: Guid(67baf8f9486c16443b4f6a65d0ba0ae3) Importer(815301076,1909f56bfc062723c751e8b465ee728b)
Start importing Assets/U_Material/Animator/anim/player@Walk.fbx using Guid(67baf8f9486c16443b4f6a65d0ba0ae3) Importer(815301076,1909f56bfc062723c751e8b465ee728b)  -> (artifact id: '0a7f51e32bb2e61d37f3c718d47a87c2') in 0.043862 seconds 
========================================================================
Received Import Request.
  Time since last request: 9.666823 seconds.
  path: Assets/U_Material/Animator/anim
  artifactKey: Guid(7d712044c17740746ba4af3ad39c427d) Importer(815301076,1909f56bfc062723c751e8b465ee728b)
Start importing Assets/U_Material/Animator/anim using Guid(7d712044c17740746ba4af3ad39c427d) Importer(815301076,1909f56bfc062723c751e8b465ee728b)  -> (artifact id: '13b830d4d3dbccea9c8f9d8b89c3267b') in 0.015934 seconds 
========================================================================
Received Prepare
Registering precompiled user dll's ...
Registered in 0.008596 seconds.
Begin MonoManager ReloadAssembly
Native extension for WindowsStandalone target not found
Refreshing native plugins compatible for Editor in 0.44 ms, found 2 plugins.
Preloading 0 native plugins for Editor in 0.00 ms.
Mono: successfully reloaded assembly
- Completed reload, in  1.468 seconds
Domain Reload Profiling:
	ReloadAssembly (1469ms)
		BeginReloadAssembly (193ms)
			ExecutionOrderSort (0ms)
			DisableScriptedObjects (7ms)
			BackupInstance (0ms)
			ReleaseScriptingObjects (0ms)
			CreateAndSetChildDomain (53ms)
		EndReloadAssembly (1172ms)
			LoadAssemblies (166ms)
			RebuildTransferFunctionScriptingTraits (0ms)
			SetupTypeCache (405ms)
			ReleaseScriptCaches (1ms)
			RebuildScriptCaches (81ms)
			SetupLoadedEditorAssemblies (450ms)
				LogAssemblyErrors (0ms)
				InitializePlatformSupportModulesInManaged (6ms)
				SetLoadedEditorAssemblies (1ms)
				RefreshPlugins (1ms)
				BeforeProcessingInitializeOnLoad (109ms)
				ProcessInitializeOnLoadAttributes (302ms)
				ProcessInitializeOnLoadMethodAttributes (20ms)
				AfterProcessingInitializeOnLoad (12ms)
				EditorAssembliesLoaded (0ms)
			ExecutionOrderSort2 (0ms)
			AwakeInstancesAfterBackupRestoration (2ms)
Platform modules already initialized, skipping
Refreshing native plugins compatible for Editor in 0.79 ms, found 2 plugins.
Preloading 0 native plugins for Editor in 0.00 ms.
Unloading 1493 Unused Serialized files (Serialized files now loaded: 0)
System memory in use before: 146.3 MB.
System memory in use after: 146.4 MB.

Unloading 13 unused Assets to reduce memory usage. Loaded Objects now: 1996.
Total: 2.776300 ms (FindLiveObjects: 0.148400 ms CreateObjectMapping: 0.046100 ms MarkObjects: 2.505000 ms  DeleteObjects: 0.075900 ms)

AssetImportParameters requested are different than current active one (requested -> active):
  custom:framework-win-MediaFoundation: 216162199b28c13a410421893ffa2e32 -> 
  custom:video-decoder-ogg-theora: a1e56fd34408186e4bbccfd4996cb3dc -> 
  custom:container-muxer-webm: aa71ff27fc2769a1b78a27578f13a17b -> 
  custom:container-demuxer-webm: 4f35f7cbe854078d1ac9338744f61a02 -> 
  custom:container-demuxer-ogg: 62fdf1f143b41e24485cea50d1cbac27 -> 
  custom:video-encoder-webm-vp8: eb34c28f22e8b96e1ab97ce403110664 -> 
  custom:video-decoder-webm-vp8: 9c59270c3fd7afecdb556c50c9e8de78 -> 
  custom:audio-decoder-ogg-vorbis: bf7c407c2cedff20999df2af8eb42d56 -> 
  custom:audio-encoder-webm-vorbis: bf7c407c2cedff20999df2af8eb42d56 -> 
========================================================================
Received Prepare
Registering precompiled user dll's ...
Registered in 0.010416 seconds.
Begin MonoManager ReloadAssembly
Native extension for WindowsStandalone target not found
Refreshing native plugins compatible for Editor in 0.44 ms, found 2 plugins.
Preloading 0 native plugins for Editor in 0.00 ms.
Mono: successfully reloaded assembly
- Completed reload, in  1.705 seconds
Domain Reload Profiling:
	ReloadAssembly (1707ms)
		BeginReloadAssembly (222ms)
			ExecutionOrderSort (0ms)
			DisableScriptedObjects (6ms)
			BackupInstance (0ms)
			ReleaseScriptingObjects (0ms)
			CreateAndSetChildDomain (60ms)
		EndReloadAssembly (1383ms)
			LoadAssemblies (193ms)
			RebuildTransferFunctionScriptingTraits (0ms)
			SetupTypeCache (455ms)
			ReleaseScriptCaches (1ms)
			RebuildScriptCaches (69ms)
			SetupLoadedEditorAssemblies (565ms)
				LogAssemblyErrors (0ms)
				InitializePlatformSupportModulesInManaged (7ms)
				SetLoadedEditorAssemblies (1ms)
				RefreshPlugins (1ms)
				BeforeProcessingInitializeOnLoad (152ms)
				ProcessInitializeOnLoadAttributes (366ms)
				ProcessInitializeOnLoadMethodAttributes (25ms)
				AfterProcessingInitializeOnLoad (13ms)
				EditorAssembliesLoaded (0ms)
			ExecutionOrderSort2 (0ms)
			AwakeInstancesAfterBackupRestoration (3ms)
Platform modules already initialized, skipping
Refreshing native plugins compatible for Editor in 0.37 ms, found 2 plugins.
Preloading 0 native plugins for Editor in 0.00 ms.
Unloading 1493 Unused Serialized files (Serialized files now loaded: 0)
System memory in use before: 146.3 MB.
System memory in use after: 146.4 MB.

Unloading 12 unused Assets to reduce memory usage. Loaded Objects now: 1999.
Total: 2.969000 ms (FindLiveObjects: 0.141000 ms CreateObjectMapping: 0.047000 ms MarkObjects: 2.707000 ms  DeleteObjects: 0.073100 ms)

AssetImportParameters requested are different than current active one (requested -> active):
  custom:framework-win-MediaFoundation: 216162199b28c13a410421893ffa2e32 -> 
  custom:video-decoder-ogg-theora: a1e56fd34408186e4bbccfd4996cb3dc -> 
  custom:container-muxer-webm: aa71ff27fc2769a1b78a27578f13a17b -> 
  custom:container-demuxer-webm: 4f35f7cbe854078d1ac9338744f61a02 -> 
  custom:container-demuxer-ogg: 62fdf1f143b41e24485cea50d1cbac27 -> 
  custom:video-encoder-webm-vp8: eb34c28f22e8b96e1ab97ce403110664 -> 
  custom:video-decoder-webm-vp8: 9c59270c3fd7afecdb556c50c9e8de78 -> 
  custom:audio-decoder-ogg-vorbis: bf7c407c2cedff20999df2af8eb42d56 -> 
  custom:audio-encoder-webm-vorbis: bf7c407c2cedff20999df2af8eb42d56 -> 
========================================================================
Received Import Request.
  Time since last request: 450.827809 seconds.
  path: Assets/U_Material/Boy/Prefabs
  artifactKey: Guid(95a779c7172f3a44c95f30305823626f) Importer(815301076,1909f56bfc062723c751e8b465ee728b)
Start importing Assets/U_Material/Boy/Prefabs using Guid(95a779c7172f3a44c95f30305823626f) Importer(815301076,1909f56bfc062723c751e8b465ee728b)  -> (artifact id: '017fb3bdb149228b4bf4cca88f399fdd') in 0.029689 seconds 
========================================================================
Received Import Request.
  Time since last request: 0.980559 seconds.
  path: Assets/U_Material/Boy/Prefabs/Base
  artifactKey: Guid(0ab18ef640fc1e14abd86fbd0d9eee67) Importer(815301076,1909f56bfc062723c751e8b465ee728b)
Start importing Assets/U_Material/Boy/Prefabs/Base using Guid(0ab18ef640fc1e14abd86fbd0d9eee67) Importer(815301076,1909f56bfc062723c751e8b465ee728b)  -> (artifact id: '58122d803e25a3d36d55bdb716a8361d') in 0.016851 seconds 
========================================================================
Received Import Request.
  Time since last request: 0.662704 seconds.
  path: Assets/U_Material/Boy/Prefabs/Base/High Quality
  artifactKey: Guid(d729f54eafc8cd1469a4611c5fd9619c) Importer(815301076,1909f56bfc062723c751e8b465ee728b)
Start importing Assets/U_Material/Boy/Prefabs/Base/High Quality using Guid(d729f54eafc8cd1469a4611c5fd9619c) Importer(815301076,1909f56bfc062723c751e8b465ee728b)  -> (artifact id: '1763f156aaf458bbbaf2ebfb4597af47') in 0.013697 seconds 
========================================================================
Received Import Request.
  Time since last request: 0.004915 seconds.
  path: Assets/U_Material/Boy/Prefabs/Base/High Quality/MaleFree1.prefab
  artifactKey: Guid(313ad0ef31f75b84f9f31c0528802fdd) Importer(815301076,1909f56bfc062723c751e8b465ee728b)
Start importing Assets/U_Material/Boy/Prefabs/Base/High Quality/MaleFree1.prefab using Guid(313ad0ef31f75b84f9f31c0528802fdd) Importer(815301076,1909f56bfc062723c751e8b465ee728b)  -> (artifact id: 'a94976910973be00a2ef3d6dcb40fdee') in 0.735821 seconds 
========================================================================
Received Import Request.
  Time since last request: 4.249397 seconds.
  path: Assets/U_Material/Boy/Animations/common_people@backwards-run.FBX
  artifactKey: Guid(478fe807cc09b09448250cacc1ab8eb8) Importer(815301076,1909f56bfc062723c751e8b465ee728b)
Start importing Assets/U_Material/Boy/Animations/common_people@backwards-run.FBX using Guid(478fe807cc09b09448250cacc1ab8eb8) Importer(815301076,1909f56bfc062723c751e8b465ee728b)  -> (artifact id: 'e43dcd16b98cbd021af8f26bfc11c2f7') in 0.074818 seconds 
========================================================================
Received Import Request.
  Time since last request: 0.000391 seconds.
  path: Assets/U_Material/Boy/Animations/common_people@idle.FBX
  artifactKey: Guid(10cbb0afa2a98564a983cdaf3c1b7551) Importer(815301076,1909f56bfc062723c751e8b465ee728b)
Start importing Assets/U_Material/Boy/Animations/common_people@idle.FBX using Guid(10cbb0afa2a98564a983cdaf3c1b7551) Importer(815301076,1909f56bfc062723c751e8b465ee728b)  -> (artifact id: '8e12c78b371ed2c74d050d2370bdd804') in 0.055713 seconds 
========================================================================
Received Import Request.
  Time since last request: 0.000975 seconds.
  path: Assets/U_Material/Boy/Animations/common_people@walk.FBX
  artifactKey: Guid(77d7842e2139f594bb31c3c63d1ad4b4) Importer(815301076,1909f56bfc062723c751e8b465ee728b)
Start importing Assets/U_Material/Boy/Animations/common_people@walk.FBX using Guid(77d7842e2139f594bb31c3c63d1ad4b4) Importer(815301076,1909f56bfc062723c751e8b465ee728b)  -> (artifact id: 'fceaaa165bcd6ae850c2f1237a26be01') in 0.070882 seconds 
========================================================================
Received Import Request.
  Time since last request: 0.000932 seconds.
  path: Assets/U_Material/Boy/Animations/common_people@run.FBX
  artifactKey: Guid(587fb8efeff01634aa9ce8a5af77911a) Importer(815301076,1909f56bfc062723c751e8b465ee728b)
Start importing Assets/U_Material/Boy/Animations/common_people@run.FBX using Guid(587fb8efeff01634aa9ce8a5af77911a) Importer(815301076,1909f56bfc062723c751e8b465ee728b)  -> (artifact id: '495e91f5a9483ea1b9d1f41016e73c46') in 0.063877 seconds 
========================================================================
Received Import Request.
  Time since last request: 0.001153 seconds.
  path: Assets/U_Material/Boy/Animations/common_people@pickup.FBX
  artifactKey: Guid(b3662f281ce0fd5449670a910110afc4) Importer(815301076,1909f56bfc062723c751e8b465ee728b)
Start importing Assets/U_Material/Boy/Animations/common_people@pickup.FBX using Guid(b3662f281ce0fd5449670a910110afc4) Importer(815301076,1909f56bfc062723c751e8b465ee728b)  -> (artifact id: '52921ec24bcf546834e1c91f15942202') in 0.070111 seconds 
========================================================================
Received Import Request.
  Time since last request: 0.000717 seconds.
  path: Assets/U_Material/Boy/Animations/common_people@jump-float.FBX
  artifactKey: Guid(a61a057436c775f449fcb20e89101739) Importer(815301076,1909f56bfc062723c751e8b465ee728b)
Start importing Assets/U_Material/Boy/Animations/common_people@jump-float.FBX using Guid(a61a057436c775f449fcb20e89101739) Importer(815301076,1909f56bfc062723c751e8b465ee728b)  -> (artifact id: '4a168e7bf30c54b01d1f90c812551faa') in 0.071224 seconds 
========================================================================
Received Import Request.
  Time since last request: 0.000349 seconds.
  path: Assets/U_Material/Boy/Animations/common_people@wave.FBX
  artifactKey: Guid(09f13c3460d45ed43862ef43c7ddedb1) Importer(815301076,1909f56bfc062723c751e8b465ee728b)
Start importing Assets/U_Material/Boy/Animations/common_people@wave.FBX using Guid(09f13c3460d45ed43862ef43c7ddedb1) Importer(815301076,1909f56bfc062723c751e8b465ee728b)  -> (artifact id: '353ec36056ebc7f17f001d464d4640a3') in 0.080702 seconds 
========================================================================
Received Import Request.
  Time since last request: 0.000747 seconds.
  path: Assets/U_Material/Boy/Animations/common_people@jump-down.FBX
  artifactKey: Guid(e128858833d96dd46adee36a45c805cd) Importer(815301076,1909f56bfc062723c751e8b465ee728b)
Start importing Assets/U_Material/Boy/Animations/common_people@jump-down.FBX using Guid(e128858833d96dd46adee36a45c805cd) Importer(815301076,1909f56bfc062723c751e8b465ee728b)  -> (artifact id: '2ff0fdb8c053572eb8296341ef5b3c30') in 0.072740 seconds 
========================================================================
Received Import Request.
  Time since last request: 0.000329 seconds.
  path: Assets/U_Material/Boy/Animations/common_people@mpose.FBX
  artifactKey: Guid(45d480461bbdc704587e117329ce8e69) Importer(815301076,1909f56bfc062723c751e8b465ee728b)
Start importing Assets/U_Material/Boy/Animations/common_people@mpose.FBX using Guid(45d480461bbdc704587e117329ce8e69) Importer(815301076,1909f56bfc062723c751e8b465ee728b)  -> (artifact id: 'a6de447e313f462b44c8c912e5d6ebeb') in 0.075271 seconds 
========================================================================
Received Import Request.
  Time since last request: 0.001417 seconds.
  path: Assets/U_Material/Boy/Animations/common_people@jump-up.FBX
  artifactKey: Guid(441579d7f72cae545a24352282ac90e0) Importer(815301076,1909f56bfc062723c751e8b465ee728b)
Start importing Assets/U_Material/Boy/Animations/common_people@jump-up.FBX using Guid(441579d7f72cae545a24352282ac90e0) Importer(815301076,1909f56bfc062723c751e8b465ee728b)  -> (artifact id: '8698e91a8c46d2b24c2a5f2d367bb6a2') in 0.075592 seconds 
========================================================================
Received Import Request.
  Time since last request: 0.001569 seconds.
  path: Assets/U_Material/Boy/Animations/common_people@backwards-walk.FBX
  artifactKey: Guid(854ef493abe79464ca6e9795fb330040) Importer(815301076,1909f56bfc062723c751e8b465ee728b)
Start importing Assets/U_Material/Boy/Animations/common_people@backwards-walk.FBX using Guid(854ef493abe79464ca6e9795fb330040) Importer(815301076,1909f56bfc062723c751e8b465ee728b)  -> (artifact id: 'de33c847e1fdaff24f3a90d5ecc97e9e') in 0.078220 seconds 
========================================================================
Received Import Request.
  Time since last request: 32.185872 seconds.
  path: Assets/U_Material/Boy/Materials/High Quality
  artifactKey: Guid(68f046f0aeff2d449a91531a5c1a8d18) Importer(815301076,1909f56bfc062723c751e8b465ee728b)
Start importing Assets/U_Material/Boy/Materials/High Quality using Guid(68f046f0aeff2d449a91531a5c1a8d18) Importer(815301076,1909f56bfc062723c751e8b465ee728b)  -> (artifact id: 'b920a23bbb0c3b179ab1bc7867c55ec6') in 0.006002 seconds 
========================================================================
Received Import Request.
  Time since last request: 0.027454 seconds.
  path: Assets/U_Material/Boy/Materials/High Quality/free_male_1_body.mat
  artifactKey: Guid(d88ee601ae3bb4d4a9385f5002f507cb) Importer(815301076,1909f56bfc062723c751e8b465ee728b)
Start importing Assets/U_Material/Boy/Materials/High Quality/free_male_1_body.mat using Guid(d88ee601ae3bb4d4a9385f5002f507cb) Importer(815301076,1909f56bfc062723c751e8b465ee728b)  -> (artifact id: 'bc39623a4f8e6b240e130b737106b344') in 0.071722 seconds 
========================================================================
Received Import Request.
  Time since last request: 0.001020 seconds.
  path: Assets/U_Material/Boy/Materials/High Quality/free_male_1_head.mat
  artifactKey: Guid(1bb6e2b3ad66d664094ce58c0b0adb79) Importer(815301076,1909f56bfc062723c751e8b465ee728b)
Start importing Assets/U_Material/Boy/Materials/High Quality/free_male_1_head.mat using Guid(1bb6e2b3ad66d664094ce58c0b0adb79) Importer(815301076,1909f56bfc062723c751e8b465ee728b)  -> (artifact id: '50c4efd30b4abec925ac028d1a56b0d7') in 0.041658 seconds 
========================================================================
Received Import Request.
  Time since last request: 1.732663 seconds.
  path: Assets/U_Material/Boy/Models/free_male_1.FBX
  artifactKey: Guid(461413943bab6ef40aa2a33f18380180) Importer(815301076,1909f56bfc062723c751e8b465ee728b)
Start importing Assets/U_Material/Boy/Models/free_male_1.FBX using Guid(461413943bab6ef40aa2a33f18380180) Importer(815301076,1909f56bfc062723c751e8b465ee728b)  -> (artifact id: '8d2f757a30f20cff411e3b45aa5a69b3') in 0.059843 seconds 
========================================================================
Received Prepare
Registering precompiled user dll's ...
Registered in 0.005108 seconds.
Begin MonoManager ReloadAssembly
Native extension for WindowsStandalone target not found
Refreshing native plugins compatible for Editor in 0.62 ms, found 2 plugins.
Preloading 0 native plugins for Editor in 0.00 ms.
Mono: successfully reloaded assembly
- Completed reload, in  1.753 seconds
Domain Reload Profiling:
	ReloadAssembly (1754ms)
		BeginReloadAssembly (218ms)
			ExecutionOrderSort (0ms)
			DisableScriptedObjects (6ms)
			BackupInstance (0ms)
			ReleaseScriptingObjects (0ms)
			CreateAndSetChildDomain (66ms)
		EndReloadAssembly (1438ms)
			LoadAssemblies (208ms)
			RebuildTransferFunctionScriptingTraits (0ms)
			SetupTypeCache (438ms)
			ReleaseScriptCaches (1ms)
			RebuildScriptCaches (103ms)
			SetupLoadedEditorAssemblies (569ms)
				LogAssemblyErrors (0ms)
				InitializePlatformSupportModulesInManaged (9ms)
				SetLoadedEditorAssemblies (1ms)
				RefreshPlugins (1ms)
				BeforeProcessingInitializeOnLoad (155ms)
				ProcessInitializeOnLoadAttributes (350ms)
				ProcessInitializeOnLoadMethodAttributes (34ms)
				AfterProcessingInitializeOnLoad (18ms)
				EditorAssembliesLoaded (1ms)
			ExecutionOrderSort2 (0ms)
			AwakeInstancesAfterBackupRestoration (4ms)
Platform modules already initialized, skipping
Refreshing native plugins compatible for Editor in 0.91 ms, found 2 plugins.
Preloading 0 native plugins for Editor in 0.00 ms.
Unloading 1495 Unused Serialized files (Serialized files now loaded: 0)
System memory in use before: 160.8 MB.
System memory in use after: 160.5 MB.

Unloading 14 unused Assets to reduce memory usage. Loaded Objects now: 2005.
Total: 3.614500 ms (FindLiveObjects: 0.158700 ms CreateObjectMapping: 0.048700 ms MarkObjects: 2.990100 ms  DeleteObjects: 0.416100 ms)

AssetImportParameters requested are different than current active one (requested -> active):
  custom:framework-win-MediaFoundation: 216162199b28c13a410421893ffa2e32 -> 
  custom:video-decoder-ogg-theora: a1e56fd34408186e4bbccfd4996cb3dc -> 
  custom:container-muxer-webm: aa71ff27fc2769a1b78a27578f13a17b -> 
  custom:container-demuxer-webm: 4f35f7cbe854078d1ac9338744f61a02 -> 
  custom:container-demuxer-ogg: 62fdf1f143b41e24485cea50d1cbac27 -> 
  custom:video-encoder-webm-vp8: eb34c28f22e8b96e1ab97ce403110664 -> 
  custom:video-decoder-webm-vp8: 9c59270c3fd7afecdb556c50c9e8de78 -> 
  custom:audio-decoder-ogg-vorbis: bf7c407c2cedff20999df2af8eb42d56 -> 
  custom:audio-encoder-webm-vorbis: bf7c407c2cedff20999df2af8eb42d56 -> 
========================================================================
Received Import Request.
  Time since last request: 446.210992 seconds.
  path: Assets/U_Scripts/U_PlayerMovement.cs
  artifactKey: Guid(226dfbe55d093284ca53f6218ba75e06) Importer(815301076,1909f56bfc062723c751e8b465ee728b)
Start importing Assets/U_Scripts/U_PlayerMovement.cs using Guid(226dfbe55d093284ca53f6218ba75e06) Importer(815301076,1909f56bfc062723c751e8b465ee728b)  -> (artifact id: 'e4eeb75d7674d1267b2044193ea8677f') in 0.023344 seconds 
========================================================================
Received Import Request.
  Time since last request: 33.165363 seconds.
  path: Assets/U_Material/u_Boy/Animations
  artifactKey: Guid(075dcd21c938d41f79f08c0cb66a4b2f) Importer(815301076,1909f56bfc062723c751e8b465ee728b)
Start importing Assets/U_Material/u_Boy/Animations using Guid(075dcd21c938d41f79f08c0cb66a4b2f) Importer(815301076,1909f56bfc062723c751e8b465ee728b)  -> (artifact id: '30ec58f061ce8db97f3eb4ceabac200b') in 0.014999 seconds 
========================================================================
Received Import Request.
  Time since last request: 53.104369 seconds.
  path: ProjectSettings/TagManager.asset
  artifactKey: Guid(00000000000000003000000000000000) Importer(815301076,1909f56bfc062723c751e8b465ee728b)
Start importing ProjectSettings/TagManager.asset using Guid(00000000000000003000000000000000) Importer(815301076,1909f56bfc062723c751e8b465ee728b)  -> (artifact id: 'ce6a35c3cddc746e7501c0bd0ed6d4ce') in 0.040908 seconds 
========================================================================
Received Import Request.
  Time since last request: 91.982223 seconds.
  path: Assets/Resources/Apple.wav
  artifactKey: Guid(de46d9d91c0f54603bf583bae0f730d4) Importer(815301076,1909f56bfc062723c751e8b465ee728b)
Start importing Assets/Resources/Apple.wav using Guid(de46d9d91c0f54603bf583bae0f730d4) Importer(815301076,1909f56bfc062723c751e8b465ee728b)  -> (artifact id: '834ac0b4910fd6993bb682aa3538fca2') in 0.094156 seconds 
========================================================================
Received Import Request.
  Time since last request: 232.276916 seconds.
  path: Assets/U_Material/Animator/anim/anim.controller
  artifactKey: Guid(82a8ed9b7e679ab4b87566297a992a0d) Importer(815301076,1909f56bfc062723c751e8b465ee728b)
Start importing Assets/U_Material/Animator/anim/anim.controller using Guid(82a8ed9b7e679ab4b87566297a992a0d) Importer(815301076,1909f56bfc062723c751e8b465ee728b)  -> (artifact id: 'f6840d9ea16734c3b05013e28d1d0443') in 0.034958 seconds 
========================================================================
Received Prepare
Registering precompiled user dll's ...
Registered in 0.008377 seconds.
Begin MonoManager ReloadAssembly
Native extension for WindowsStandalone target not found
Refreshing native plugins compatible for Editor in 0.93 ms, found 2 plugins.
Preloading 0 native plugins for Editor in 0.00 ms.
Mono: successfully reloaded assembly
- Completed reload, in  1.747 seconds
Domain Reload Profiling:
	ReloadAssembly (1748ms)
		BeginReloadAssembly (271ms)
			ExecutionOrderSort (0ms)
			DisableScriptedObjects (9ms)
			BackupInstance (0ms)
			ReleaseScriptingObjects (0ms)
			CreateAndSetChildDomain (60ms)
		EndReloadAssembly (1370ms)
			LoadAssemblies (254ms)
			RebuildTransferFunctionScriptingTraits (0ms)
			SetupTypeCache (435ms)
			ReleaseScriptCaches (1ms)
			RebuildScriptCaches (93ms)
			SetupLoadedEditorAssemblies (519ms)
				LogAssemblyErrors (0ms)
				InitializePlatformSupportModulesInManaged (11ms)
				SetLoadedEditorAssemblies (1ms)
				RefreshPlugins (1ms)
				BeforeProcessingInitializeOnLoad (124ms)
				ProcessInitializeOnLoadAttributes (348ms)
				ProcessInitializeOnLoadMethodAttributes (21ms)
				AfterProcessingInitializeOnLoad (11ms)
				EditorAssembliesLoaded (0ms)
			ExecutionOrderSort2 (0ms)
			AwakeInstancesAfterBackupRestoration (3ms)
Platform modules already initialized, skipping
Refreshing native plugins compatible for Editor in 0.53 ms, found 2 plugins.
Preloading 0 native plugins for Editor in 0.00 ms.
Unloading 1494 Unused Serialized files (Serialized files now loaded: 0)
System memory in use before: 160.8 MB.
System memory in use after: 160.5 MB.

Unloading 14 unused Assets to reduce memory usage. Loaded Objects now: 2009.
Total: 4.257800 ms (FindLiveObjects: 0.158500 ms CreateObjectMapping: 0.058100 ms MarkObjects: 3.456200 ms  DeleteObjects: 0.583900 ms)

AssetImportParameters requested are different than current active one (requested -> active):
  custom:framework-win-MediaFoundation: 216162199b28c13a410421893ffa2e32 -> 
  custom:video-decoder-ogg-theora: a1e56fd34408186e4bbccfd4996cb3dc -> 
  custom:container-muxer-webm: aa71ff27fc2769a1b78a27578f13a17b -> 
  custom:container-demuxer-webm: 4f35f7cbe854078d1ac9338744f61a02 -> 
  custom:container-demuxer-ogg: 62fdf1f143b41e24485cea50d1cbac27 -> 
  custom:video-encoder-webm-vp8: eb34c28f22e8b96e1ab97ce403110664 -> 
  custom:video-decoder-webm-vp8: 9c59270c3fd7afecdb556c50c9e8de78 -> 
  custom:audio-decoder-ogg-vorbis: bf7c407c2cedff20999df2af8eb42d56 -> 
  custom:audio-encoder-webm-vorbis: bf7c407c2cedff20999df2af8eb42d56 -> 
========================================================================
Received Prepare
Registering precompiled user dll's ...
Registered in 0.009932 seconds.
Begin MonoManager ReloadAssembly
Native extension for WindowsStandalone target not found
Refreshing native plugins compatible for Editor in 0.71 ms, found 2 plugins.
Preloading 0 native plugins for Editor in 0.00 ms.
Mono: successfully reloaded assembly
- Completed reload, in  5.191 seconds
Domain Reload Profiling:
	ReloadAssembly (5194ms)
		BeginReloadAssembly (928ms)
			ExecutionOrderSort (0ms)
			DisableScriptedObjects (16ms)
			BackupInstance (0ms)
			ReleaseScriptingObjects (0ms)
			CreateAndSetChildDomain (261ms)
		EndReloadAssembly (4017ms)
			LoadAssemblies (719ms)
			RebuildTransferFunctionScriptingTraits (0ms)
			SetupTypeCache (1020ms)
			ReleaseScriptCaches (2ms)
			RebuildScriptCaches (288ms)
			SetupLoadedEditorAssemblies (1931ms)
				LogAssemblyErrors (0ms)
				InitializePlatformSupportModulesInManaged (24ms)
				SetLoadedEditorAssemblies (1ms)
				RefreshPlugins (1ms)
				BeforeProcessingInitializeOnLoad (382ms)
				ProcessInitializeOnLoadAttributes (1344ms)
				ProcessInitializeOnLoadMethodAttributes (64ms)
				AfterProcessingInitializeOnLoad (114ms)
				EditorAssembliesLoaded (1ms)
			ExecutionOrderSort2 (0ms)
			AwakeInstancesAfterBackupRestoration (9ms)
Platform modules already initialized, skipping
Refreshing native plugins compatible for Editor in 2.52 ms, found 2 plugins.
Preloading 0 native plugins for Editor in 0.00 ms.
Unloading 1494 Unused Serialized files (Serialized files now loaded: 0)
System memory in use before: 160.8 MB.
System memory in use after: 160.5 MB.

Unloading 13 unused Assets to reduce memory usage. Loaded Objects now: 2012.
Total: 17.036400 ms (FindLiveObjects: 0.918000 ms CreateObjectMapping: 0.356800 ms MarkObjects: 14.619700 ms  DeleteObjects: 1.137000 ms)

AssetImportParameters requested are different than current active one (requested -> active):
  custom:framework-win-MediaFoundation: 216162199b28c13a410421893ffa2e32 -> 
  custom:video-decoder-ogg-theora: a1e56fd34408186e4bbccfd4996cb3dc -> 
  custom:container-muxer-webm: aa71ff27fc2769a1b78a27578f13a17b -> 
  custom:container-demuxer-webm: 4f35f7cbe854078d1ac9338744f61a02 -> 
  custom:container-demuxer-ogg: 62fdf1f143b41e24485cea50d1cbac27 -> 
  custom:video-encoder-webm-vp8: eb34c28f22e8b96e1ab97ce403110664 -> 
  custom:video-decoder-webm-vp8: 9c59270c3fd7afecdb556c50c9e8de78 -> 
  custom:audio-decoder-ogg-vorbis: bf7c407c2cedff20999df2af8eb42d56 -> 
  custom:audio-encoder-webm-vorbis: bf7c407c2cedff20999df2af8eb42d56 -> 
========================================================================
Received Prepare
Registering precompiled user dll's ...
Registered in 0.027955 seconds.
Begin MonoManager ReloadAssembly
Native extension for WindowsStandalone target not found
Refreshing native plugins compatible for Editor in 1.34 ms, found 2 plugins.
Preloading 0 native plugins for Editor in 0.00 ms.
Mono: successfully reloaded assembly
- Completed reload, in  4.714 seconds
Domain Reload Profiling:
	ReloadAssembly (4717ms)
		BeginReloadAssembly (504ms)
			ExecutionOrderSort (0ms)
			DisableScriptedObjects (26ms)
			BackupInstance (0ms)
			ReleaseScriptingObjects (0ms)
			CreateAndSetChildDomain (131ms)
		EndReloadAssembly (4005ms)
			LoadAssemblies (540ms)
			RebuildTransferFunctionScriptingTraits (0ms)
			SetupTypeCache (1106ms)
			ReleaseScriptCaches (1ms)
			RebuildScriptCaches (270ms)
			SetupLoadedEditorAssemblies (1755ms)
				LogAssemblyErrors (0ms)
				InitializePlatformSupportModulesInManaged (28ms)
				SetLoadedEditorAssemblies (2ms)
				RefreshPlugins (2ms)
				BeforeProcessingInitializeOnLoad (259ms)
				ProcessInitializeOnLoadAttributes (1319ms)
				ProcessInitializeOnLoadMethodAttributes (86ms)
				AfterProcessingInitializeOnLoad (53ms)
				EditorAssembliesLoaded (6ms)
			ExecutionOrderSort2 (0ms)
			AwakeInstancesAfterBackupRestoration (9ms)
Platform modules already initialized, skipping
Refreshing native plugins compatible for Editor in 4.83 ms, found 2 plugins.
Preloading 0 native plugins for Editor in 0.00 ms.
Unloading 1494 Unused Serialized files (Serialized files now loaded: 0)
System memory in use before: 160.8 MB.
System memory in use after: 160.5 MB.

Unloading 13 unused Assets to reduce memory usage. Loaded Objects now: 2015.
Total: 8.181300 ms (FindLiveObjects: 0.811600 ms CreateObjectMapping: 0.316000 ms MarkObjects: 6.508000 ms  DeleteObjects: 0.542900 ms)

AssetImportParameters requested are different than current active one (requested -> active):
  custom:framework-win-MediaFoundation: 216162199b28c13a410421893ffa2e32 -> 
  custom:video-decoder-ogg-theora: a1e56fd34408186e4bbccfd4996cb3dc -> 
  custom:container-muxer-webm: aa71ff27fc2769a1b78a27578f13a17b -> 
  custom:container-demuxer-webm: 4f35f7cbe854078d1ac9338744f61a02 -> 
  custom:container-demuxer-ogg: 62fdf1f143b41e24485cea50d1cbac27 -> 
  custom:video-encoder-webm-vp8: eb34c28f22e8b96e1ab97ce403110664 -> 
  custom:video-decoder-webm-vp8: 9c59270c3fd7afecdb556c50c9e8de78 -> 
  custom:audio-decoder-ogg-vorbis: bf7c407c2cedff20999df2af8eb42d56 -> 
  custom:audio-encoder-webm-vorbis: bf7c407c2cedff20999df2af8eb42d56 -> 
========================================================================
Received Prepare
Registering precompiled user dll's ...
Registered in 0.006231 seconds.
Begin MonoManager ReloadAssembly
Native extension for WindowsStandalone target not found
Refreshing native plugins compatible for Editor in 0.93 ms, found 2 plugins.
Preloading 0 native plugins for Editor in 0.00 ms.
Mono: successfully reloaded assembly
- Completed reload, in  2.721 seconds
Domain Reload Profiling:
	ReloadAssembly (2723ms)
		BeginReloadAssembly (451ms)
			ExecutionOrderSort (0ms)
			DisableScriptedObjects (11ms)
			BackupInstance (0ms)
			ReleaseScriptingObjects (1ms)
			CreateAndSetChildDomain (127ms)
		EndReloadAssembly (2155ms)
			LoadAssemblies (397ms)
			RebuildTransferFunctionScriptingTraits (0ms)
			SetupTypeCache (708ms)
			ReleaseScriptCaches (3ms)
			RebuildScriptCaches (161ms)
			SetupLoadedEditorAssemblies (736ms)
				LogAssemblyErrors (0ms)
				InitializePlatformSupportModulesInManaged (8ms)
				SetLoadedEditorAssemblies (1ms)
				RefreshPlugins (1ms)
				BeforeProcessingInitializeOnLoad (167ms)
				ProcessInitializeOnLoadAttributes (473ms)
				ProcessInitializeOnLoadMethodAttributes (49ms)
				AfterProcessingInitializeOnLoad (34ms)
				EditorAssembliesLoaded (2ms)
			ExecutionOrderSort2 (0ms)
			AwakeInstancesAfterBackupRestoration (15ms)
Platform modules already initialized, skipping
Refreshing native plugins compatible for Editor in 1.04 ms, found 2 plugins.
Preloading 0 native plugins for Editor in 0.00 ms.
Unloading 1494 Unused Serialized files (Serialized files now loaded: 0)
System memory in use before: 160.8 MB.
System memory in use after: 160.5 MB.

Unloading 13 unused Assets to reduce memory usage. Loaded Objects now: 2018.
Total: 4.780200 ms (FindLiveObjects: 0.199300 ms CreateObjectMapping: 0.063800 ms MarkObjects: 3.974000 ms  DeleteObjects: 0.541700 ms)

AssetImportParameters requested are different than current active one (requested -> active):
  custom:framework-win-MediaFoundation: 216162199b28c13a410421893ffa2e32 -> 
  custom:video-decoder-ogg-theora: a1e56fd34408186e4bbccfd4996cb3dc -> 
  custom:container-muxer-webm: aa71ff27fc2769a1b78a27578f13a17b -> 
  custom:container-demuxer-webm: 4f35f7cbe854078d1ac9338744f61a02 -> 
  custom:container-demuxer-ogg: 62fdf1f143b41e24485cea50d1cbac27 -> 
  custom:video-encoder-webm-vp8: eb34c28f22e8b96e1ab97ce403110664 -> 
  custom:video-decoder-webm-vp8: 9c59270c3fd7afecdb556c50c9e8de78 -> 
  custom:audio-decoder-ogg-vorbis: bf7c407c2cedff20999df2af8eb42d56 -> 
  custom:audio-encoder-webm-vorbis: bf7c407c2cedff20999df2af8eb42d56 -> 
========================================================================
Received Prepare
Registering precompiled user dll's ...
Registered in 0.007841 seconds.
Begin MonoManager ReloadAssembly
Native extension for WindowsStandalone target not found
Refreshing native plugins compatible for Editor in 0.55 ms, found 2 plugins.
Preloading 0 native plugins for Editor in 0.00 ms.
Mono: successfully reloaded assembly
- Completed reload, in  4.320 seconds
Domain Reload Profiling:
	ReloadAssembly (4321ms)
		BeginReloadAssembly (246ms)
			ExecutionOrderSort (0ms)
			DisableScriptedObjects (9ms)
			BackupInstance (0ms)
			ReleaseScriptingObjects (0ms)
			CreateAndSetChildDomain (49ms)
		EndReloadAssembly (3960ms)
			LoadAssemblies (249ms)
			RebuildTransferFunctionScriptingTraits (0ms)
			SetupTypeCache (1154ms)
			ReleaseScriptCaches (1ms)
			RebuildScriptCaches (236ms)
			SetupLoadedEditorAssemblies (1956ms)
				LogAssemblyErrors (0ms)
				InitializePlatformSupportModulesInManaged (7ms)
				SetLoadedEditorAssemblies (1ms)
				RefreshPlugins (1ms)
				BeforeProcessingInitializeOnLoad (440ms)
				ProcessInitializeOnLoadAttributes (1385ms)
				ProcessInitializeOnLoadMethodAttributes (75ms)
				AfterProcessingInitializeOnLoad (45ms)
				EditorAssembliesLoaded (2ms)
			ExecutionOrderSort2 (0ms)
			AwakeInstancesAfterBackupRestoration (6ms)
Platform modules already initialized, skipping
Refreshing native plugins compatible for Editor in 0.78 ms, found 2 plugins.
Preloading 0 native plugins for Editor in 0.00 ms.
Unloading 1494 Unused Serialized files (Serialized files now loaded: 0)
System memory in use before: 160.8 MB.
System memory in use after: 160.5 MB.

Unloading 13 unused Assets to reduce memory usage. Loaded Objects now: 2021.
Total: 6.844400 ms (FindLiveObjects: 0.193700 ms CreateObjectMapping: 0.091300 ms MarkObjects: 5.705700 ms  DeleteObjects: 0.851800 ms)

AssetImportParameters requested are different than current active one (requested -> active):
  custom:framework-win-MediaFoundation: 216162199b28c13a410421893ffa2e32 -> 
  custom:video-decoder-ogg-theora: a1e56fd34408186e4bbccfd4996cb3dc -> 
  custom:container-muxer-webm: aa71ff27fc2769a1b78a27578f13a17b -> 
  custom:container-demuxer-webm: 4f35f7cbe854078d1ac9338744f61a02 -> 
  custom:container-demuxer-ogg: 62fdf1f143b41e24485cea50d1cbac27 -> 
  custom:video-encoder-webm-vp8: eb34c28f22e8b96e1ab97ce403110664 -> 
  custom:video-decoder-webm-vp8: 9c59270c3fd7afecdb556c50c9e8de78 -> 
  custom:audio-decoder-ogg-vorbis: bf7c407c2cedff20999df2af8eb42d56 -> 
  custom:audio-encoder-webm-vorbis: bf7c407c2cedff20999df2af8eb42d56 -> 
========================================================================
Received Prepare
Registering precompiled user dll's ...
Registered in 0.011152 seconds.
Begin MonoManager ReloadAssembly
Native extension for WindowsStandalone target not found
Refreshing native plugins compatible for Editor in 0.38 ms, found 2 plugins.
Preloading 0 native plugins for Editor in 0.00 ms.
Mono: successfully reloaded assembly
- Completed reload, in  2.007 seconds
Domain Reload Profiling:
	ReloadAssembly (2008ms)
		BeginReloadAssembly (252ms)
			ExecutionOrderSort (0ms)
			DisableScriptedObjects (12ms)
			BackupInstance (0ms)
			ReleaseScriptingObjects (0ms)
			CreateAndSetChildDomain (52ms)
		EndReloadAssembly (1645ms)
			LoadAssemblies (243ms)
			RebuildTransferFunctionScriptingTraits (0ms)
			SetupTypeCache (408ms)
			ReleaseScriptCaches (1ms)
			RebuildScriptCaches (66ms)
			SetupLoadedEditorAssemblies (855ms)
				LogAssemblyErrors (0ms)
				InitializePlatformSupportModulesInManaged (9ms)
				SetLoadedEditorAssemblies (1ms)
				RefreshPlugins (0ms)
				BeforeProcessingInitializeOnLoad (135ms)
				ProcessInitializeOnLoadAttributes (623ms)
				ProcessInitializeOnLoadMethodAttributes (50ms)
				AfterProcessingInitializeOnLoad (34ms)
				EditorAssembliesLoaded (3ms)
			ExecutionOrderSort2 (0ms)
			AwakeInstancesAfterBackupRestoration (7ms)
Platform modules already initialized, skipping
Refreshing native plugins compatible for Editor in 0.52 ms, found 2 plugins.
Preloading 0 native plugins for Editor in 0.00 ms.
Unloading 1494 Unused Serialized files (Serialized files now loaded: 0)
System memory in use before: 160.8 MB.
System memory in use after: 160.5 MB.

Unloading 13 unused Assets to reduce memory usage. Loaded Objects now: 2024.
Total: 7.951800 ms (FindLiveObjects: 0.297000 ms CreateObjectMapping: 0.144800 ms MarkObjects: 5.942000 ms  DeleteObjects: 1.562000 ms)

AssetImportParameters requested are different than current active one (requested -> active):
  custom:framework-win-MediaFoundation: 216162199b28c13a410421893ffa2e32 -> 
  custom:video-decoder-ogg-theora: a1e56fd34408186e4bbccfd4996cb3dc -> 
  custom:container-muxer-webm: aa71ff27fc2769a1b78a27578f13a17b -> 
  custom:container-demuxer-webm: 4f35f7cbe854078d1ac9338744f61a02 -> 
  custom:container-demuxer-ogg: 62fdf1f143b41e24485cea50d1cbac27 -> 
  custom:video-encoder-webm-vp8: eb34c28f22e8b96e1ab97ce403110664 -> 
  custom:video-decoder-webm-vp8: 9c59270c3fd7afecdb556c50c9e8de78 -> 
  custom:audio-decoder-ogg-vorbis: bf7c407c2cedff20999df2af8eb42d56 -> 
  custom:audio-encoder-webm-vorbis: bf7c407c2cedff20999df2af8eb42d56 -> 
========================================================================
Received Prepare
Registering precompiled user dll's ...
Registered in 0.005326 seconds.
Begin MonoManager ReloadAssembly
Native extension for WindowsStandalone target not found
Refreshing native plugins compatible for Editor in 0.55 ms, found 2 plugins.
Preloading 0 native plugins for Editor in 0.00 ms.
Mono: successfully reloaded assembly
- Completed reload, in  1.657 seconds
Domain Reload Profiling:
	ReloadAssembly (1658ms)
		BeginReloadAssembly (231ms)
			ExecutionOrderSort (0ms)
			DisableScriptedObjects (6ms)
			BackupInstance (0ms)
			ReleaseScriptingObjects (0ms)
			CreateAndSetChildDomain (60ms)
		EndReloadAssembly (1311ms)
			LoadAssemblies (203ms)
			RebuildTransferFunctionScriptingTraits (0ms)
			SetupTypeCache (422ms)
			ReleaseScriptCaches (1ms)
			RebuildScriptCaches (69ms)
			SetupLoadedEditorAssemblies (529ms)
				LogAssemblyErrors (0ms)
				InitializePlatformSupportModulesInManaged (9ms)
				SetLoadedEditorAssemblies (1ms)
				RefreshPlugins (1ms)
				BeforeProcessingInitializeOnLoad (127ms)
				ProcessInitializeOnLoadAttributes (357ms)
				ProcessInitializeOnLoadMethodAttributes (19ms)
				AfterProcessingInitializeOnLoad (15ms)
				EditorAssembliesLoaded (0ms)
			ExecutionOrderSort2 (0ms)
			AwakeInstancesAfterBackupRestoration (3ms)
Platform modules already initialized, skipping
Refreshing native plugins compatible for Editor in 0.43 ms, found 2 plugins.
Preloading 0 native plugins for Editor in 0.00 ms.
Unloading 1494 Unused Serialized files (Serialized files now loaded: 0)
System memory in use before: 160.8 MB.
System memory in use after: 160.5 MB.

Unloading 13 unused Assets to reduce memory usage. Loaded Objects now: 2027.
Total: 8.084800 ms (FindLiveObjects: 0.195300 ms CreateObjectMapping: 0.119400 ms MarkObjects: 6.598900 ms  DeleteObjects: 1.169100 ms)

AssetImportParameters requested are different than current active one (requested -> active):
  custom:framework-win-MediaFoundation: 216162199b28c13a410421893ffa2e32 -> 
  custom:video-decoder-ogg-theora: a1e56fd34408186e4bbccfd4996cb3dc -> 
  custom:container-muxer-webm: aa71ff27fc2769a1b78a27578f13a17b -> 
  custom:container-demuxer-webm: 4f35f7cbe854078d1ac9338744f61a02 -> 
  custom:container-demuxer-ogg: 62fdf1f143b41e24485cea50d1cbac27 -> 
  custom:video-encoder-webm-vp8: eb34c28f22e8b96e1ab97ce403110664 -> 
  custom:video-decoder-webm-vp8: 9c59270c3fd7afecdb556c50c9e8de78 -> 
  custom:audio-decoder-ogg-vorbis: bf7c407c2cedff20999df2af8eb42d56 -> 
  custom:audio-encoder-webm-vorbis: bf7c407c2cedff20999df2af8eb42d56 -> 
AssetImportWorkerClient::OnTransportError - code=2 error=End of file
